

Started GET "/photos" for 127.0.0.1 at Fri Sep 16 00:26:18 +0200 2011
  Processing by PhotosController#index as HTML
Completed 500 Internal Server Error in 1ms

ActiveRecord::StatementInvalid (Could not find table 'photos'):
  app/controllers/photos_controller.rb:15:in `index'

Rendered /Library/Ruby/Gems/1.8/gems/actionpack-3.1.0/lib/action_dispatch/middleware/templates/rescues/_trace.erb (1.8ms)
Rendered /Library/Ruby/Gems/1.8/gems/actionpack-3.1.0/lib/action_dispatch/middleware/templates/rescues/_request_and_response.erb (1.2ms)
Rendered /Library/Ruby/Gems/1.8/gems/actionpack-3.1.0/lib/action_dispatch/middleware/templates/rescues/diagnostics.erb within rescues/layout (10.6ms)
  [1m[36m (0.0ms)[0m  [1mselect sqlite_version(*)[0m
  [1m[35m (2.3ms)[0m  CREATE TABLE "schema_migrations" ("version" varchar(255) NOT NULL) 
  [1m[36m (0.1ms)[0m  [1mPRAGMA index_list("schema_migrations")[0m
  [1m[35m (3.0ms)[0m  CREATE UNIQUE INDEX "unique_schema_migrations" ON "schema_migrations" ("version")
  [1m[36m (0.1ms)[0m  [1mSELECT "schema_migrations"."version" FROM "schema_migrations" [0m
Migrating to CreatePhotos (20110218224234)
  [1m[35m (0.6ms)[0m  CREATE TABLE "photos" ("id" INTEGER PRIMARY KEY AUTOINCREMENT NOT NULL, "description" varchar(255), "created_at" datetime, "updated_at" datetime) 
  [1m[36m (0.1ms)[0m  [1mINSERT INTO "schema_migrations" ("version") VALUES ('20110218224234')[0m
Migrating to AddAttachmentImageToPhoto (20110218232056)
  [1m[35m (21.7ms)[0m  ALTER TABLE "photos" ADD "image_file_name" varchar(255)
  [1m[36m (0.2ms)[0m  [1mALTER TABLE "photos" ADD "image_content_type" varchar(255)[0m
  [1m[35m (0.2ms)[0m  ALTER TABLE "photos" ADD "image_file_size" integer
  [1m[36m (0.1ms)[0m  [1mALTER TABLE "photos" ADD "image_updated_at" datetime[0m
  [1m[35m (0.1ms)[0m  INSERT INTO "schema_migrations" ("version") VALUES ('20110218232056')
  [1m[36m (0.1ms)[0m  [1mselect sqlite_version(*)[0m
  [1m[35m (0.1ms)[0m  SELECT "schema_migrations"."version" FROM "schema_migrations" 
  [1m[36m (0.0ms)[0m  [1mPRAGMA index_list("photos")[0m


Started GET "/photos" for 127.0.0.1 at Fri Sep 16 00:27:42 +0200 2011
  Processing by PhotosController#index as HTML
  [1m[36mPhoto Load (0.2ms)[0m  [1mSELECT "photos".* FROM "photos" [0m
Rendered photos/index.html.erb within layouts/application (2.7ms)
Completed 200 OK in 94ms (Views: 92.9ms | ActiveRecord: 0.2ms)


Started GET "/assets/all.css" for 127.0.0.1 at Fri Sep 16 00:27:42 +0200 2011
Served asset /all.css - 404 Not Found (0ms)

ActionController::RoutingError (No route matches [GET] "/assets/all.css"):
  

Rendered /Library/Ruby/Gems/1.8/gems/actionpack-3.1.0/lib/action_dispatch/middleware/templates/rescues/routing_error.erb within rescues/layout (0.7ms)


Started GET "/assets/defaults.js" for 127.0.0.1 at Fri Sep 16 00:27:42 +0200 2011
Served asset /defaults.js - 404 Not Found (0ms)

ActionController::RoutingError (No route matches [GET] "/assets/defaults.js"):
  

Rendered /Library/Ruby/Gems/1.8/gems/actionpack-3.1.0/lib/action_dispatch/middleware/templates/rescues/routing_error.erb within rescues/layout (0.6ms)


Started GET "/assets/webcam.js" for 127.0.0.1 at Fri Sep 16 00:27:42 +0200 2011
Served asset /webcam.js - 404 Not Found (0ms)

ActionController::RoutingError (No route matches [GET] "/assets/webcam.js"):
  

Rendered /Library/Ruby/Gems/1.8/gems/actionpack-3.1.0/lib/action_dispatch/middleware/templates/rescues/routing_error.erb within rescues/layout (0.6ms)


Started GET "/photos/new" for 127.0.0.1 at Fri Sep 16 00:27:45 +0200 2011
  Processing by PhotosController#new as HTML
Rendered photos/new.html.erb within layouts/application (12.2ms)
Completed 200 OK in 22ms (Views: 21.2ms | ActiveRecord: 0.3ms)


Started GET "/assets/all.css" for 127.0.0.1 at Fri Sep 16 00:27:45 +0200 2011
Served asset /all.css - 404 Not Found (0ms)

ActionController::RoutingError (No route matches [GET] "/assets/all.css"):
  

Rendered /Library/Ruby/Gems/1.8/gems/actionpack-3.1.0/lib/action_dispatch/middleware/templates/rescues/routing_error.erb within rescues/layout (0.6ms)


Started GET "/assets/webcam.js" for 127.0.0.1 at Fri Sep 16 00:27:45 +0200 2011
Served asset /webcam.js - 404 Not Found (0ms)

ActionController::RoutingError (No route matches [GET] "/assets/webcam.js"):
  

Rendered /Library/Ruby/Gems/1.8/gems/actionpack-3.1.0/lib/action_dispatch/middleware/templates/rescues/routing_error.erb within rescues/layout (0.6ms)


Started GET "/assets/defaults.js" for 127.0.0.1 at Fri Sep 16 00:27:45 +0200 2011
Served asset /defaults.js - 404 Not Found (0ms)

ActionController::RoutingError (No route matches [GET] "/assets/defaults.js"):
  

Rendered /Library/Ruby/Gems/1.8/gems/actionpack-3.1.0/lib/action_dispatch/middleware/templates/rescues/routing_error.erb within rescues/layout (0.6ms)


Started GET "/assets/webcam.js" for 127.0.0.1 at Fri Sep 16 00:27:45 +0200 2011
Served asset /webcam.js - 404 Not Found (0ms)

ActionController::RoutingError (No route matches [GET] "/assets/webcam.js"):
  

Rendered /Library/Ruby/Gems/1.8/gems/actionpack-3.1.0/lib/action_dispatch/middleware/templates/rescues/routing_error.erb within rescues/layout (0.7ms)


Started GET "/" for 127.0.0.1 at Fri Sep 16 00:30:57 +0200 2011


Started GET "/photos" for 127.0.0.1 at Fri Sep 16 00:30:57 +0200 2011
  Processing by PhotosController#index as HTML
  [1m[36mPhoto Load (0.2ms)[0m  [1mSELECT "photos".* FROM "photos" [0m
Rendered photos/index.html.erb within layouts/application (3.8ms)
Compiled webcam.js  (0ms)  (pid 55402)
Completed 200 OK in 96ms (Views: 94.2ms | ActiveRecord: 0.2ms)


Started GET "/assets/all.css" for 127.0.0.1 at Fri Sep 16 00:30:58 +0200 2011
Served asset /all.css - 404 Not Found (9ms)

ActionController::RoutingError (No route matches [GET] "/assets/all.css"):
  

Rendered /Library/Ruby/Gems/1.8/gems/actionpack-3.1.0/lib/action_dispatch/middleware/templates/rescues/routing_error.erb within rescues/layout (0.6ms)


Started GET "/assets/defaults.js" for 127.0.0.1 at Fri Sep 16 00:30:58 +0200 2011
Served asset /defaults.js - 404 Not Found (2ms)

ActionController::RoutingError (No route matches [GET] "/assets/defaults.js"):
  

Rendered /Library/Ruby/Gems/1.8/gems/actionpack-3.1.0/lib/action_dispatch/middleware/templates/rescues/routing_error.erb within rescues/layout (0.6ms)


Started GET "/assets/webcam.js?body=1" for 127.0.0.1 at Fri Sep 16 00:30:58 +0200 2011
Served asset /webcam.js - 200 OK (2ms)


Started GET "/photos/new" for 127.0.0.1 at Fri Sep 16 00:31:00 +0200 2011
  Processing by PhotosController#new as HTML
Rendered photos/new.html.erb within layouts/application (12.7ms)
Completed 200 OK in 26ms (Views: 25.4ms | ActiveRecord: 0.3ms)


Started GET "/assets/defaults.js" for 127.0.0.1 at Fri Sep 16 00:31:00 +0200 2011
Served asset /defaults.js - 404 Not Found (4ms)

ActionController::RoutingError (No route matches [GET] "/assets/defaults.js"):
  

Rendered /Library/Ruby/Gems/1.8/gems/actionpack-3.1.0/lib/action_dispatch/middleware/templates/rescues/routing_error.erb within rescues/layout (0.6ms)


Started GET "/assets/all.css" for 127.0.0.1 at Fri Sep 16 00:31:00 +0200 2011
Served asset /all.css - 404 Not Found (2ms)

ActionController::RoutingError (No route matches [GET] "/assets/all.css"):
  

Rendered /Library/Ruby/Gems/1.8/gems/actionpack-3.1.0/lib/action_dispatch/middleware/templates/rescues/routing_error.erb within rescues/layout (0.6ms)


Started GET "/assets/webcam.js?body=1" for 127.0.0.1 at Fri Sep 16 00:31:00 +0200 2011
Served asset /webcam.js - 304 Not Modified (0ms)


Started GET "/photos/new" for 127.0.0.1 at Fri Sep 16 00:32:26 +0200 2011
  Processing by PhotosController#new as HTML
Rendered photos/new.html.erb within layouts/application (9.1ms)
Completed 200 OK in 94ms (Views: 92.9ms | ActiveRecord: 0.3ms)


Started GET "/assets/all.css" for 127.0.0.1 at Fri Sep 16 00:32:26 +0200 2011
Served asset /all.css - 404 Not Found (2ms)

ActionController::RoutingError (No route matches [GET] "/assets/all.css"):
  

Rendered /Library/Ruby/Gems/1.8/gems/actionpack-3.1.0/lib/action_dispatch/middleware/templates/rescues/routing_error.erb within rescues/layout (0.6ms)


Started GET "/assets/defaults.js" for 127.0.0.1 at Fri Sep 16 00:32:26 +0200 2011
Served asset /defaults.js - 404 Not Found (2ms)

ActionController::RoutingError (No route matches [GET] "/assets/defaults.js"):
  

Rendered /Library/Ruby/Gems/1.8/gems/actionpack-3.1.0/lib/action_dispatch/middleware/templates/rescues/routing_error.erb within rescues/layout (0.6ms)


Started GET "/assets/webcam.js?body=1" for 127.0.0.1 at Fri Sep 16 00:32:26 +0200 2011
Served asset /webcam.js - 304 Not Modified (0ms)


Started GET "/photos/new" for 127.0.0.1 at Fri Sep 16 00:32:35 +0200 2011
  Processing by PhotosController#new as HTML
Rendered photos/new.html.erb within layouts/application (14.5ms)
Completed 200 OK in 103ms (Views: 102.2ms | ActiveRecord: 0.2ms)


Started GET "/assets/all.css" for 127.0.0.1 at Fri Sep 16 00:32:36 +0200 2011
Served asset /all.css - 404 Not Found (2ms)

ActionController::RoutingError (No route matches [GET] "/assets/all.css"):
  

Rendered /Library/Ruby/Gems/1.8/gems/actionpack-3.1.0/lib/action_dispatch/middleware/templates/rescues/routing_error.erb within rescues/layout (0.6ms)


Started GET "/assets/defaults.js" for 127.0.0.1 at Fri Sep 16 00:32:36 +0200 2011
Served asset /defaults.js - 404 Not Found (2ms)

ActionController::RoutingError (No route matches [GET] "/assets/defaults.js"):
  

Rendered /Library/Ruby/Gems/1.8/gems/actionpack-3.1.0/lib/action_dispatch/middleware/templates/rescues/routing_error.erb within rescues/layout (0.6ms)


Started GET "/assets/webcam.js?body=1" for 127.0.0.1 at Fri Sep 16 00:32:36 +0200 2011
Served asset /webcam.js - 304 Not Modified (0ms)


Started GET "/photos/new" for 127.0.0.1 at Fri Sep 16 00:33:08 +0200 2011
  Processing by PhotosController#new as HTML
Rendered photos/new.html.erb within layouts/application (8.9ms)
Completed 500 Internal Server Error in 48ms

ActionView::Template::Error (couldn't find file 'jquery'
  (in /Users/lassebunk/dev/web/webcam_app2/app/assets/javascripts/application.js:1)):
    3: <head>
    4:   <title>WebcamApp</title>
    5:   <%= stylesheet_link_tag :application %>
    6:   <%= javascript_include_tag :application %>
    7:   <%= csrf_meta_tag %>
    8: </head>
    9: <body>
  app/views/layouts/application.html.erb:6:in `_app_views_layouts_application_html_erb__2139778340_2201042360'

Rendered /Library/Ruby/Gems/1.8/gems/actionpack-3.1.0/lib/action_dispatch/middleware/templates/rescues/_trace.erb (1.7ms)
Rendered /Library/Ruby/Gems/1.8/gems/actionpack-3.1.0/lib/action_dispatch/middleware/templates/rescues/_request_and_response.erb (1.0ms)
Rendered /Library/Ruby/Gems/1.8/gems/actionpack-3.1.0/lib/action_dispatch/middleware/templates/rescues/template_error.erb within rescues/layout (5.7ms)


Started GET "/photos/new" for 127.0.0.1 at Fri Sep 16 00:34:54 +0200 2011
  Processing by PhotosController#new as HTML
Rendered photos/new.html.erb within layouts/application (75.3ms)
Compiled application.css  (1ms)  (pid 55493)
Compiled application.js  (5ms)  (pid 55493)
Compiled jquery.js  (292ms)  (pid 55493)
Compiled jquery_ujs.js  (19ms)  (pid 55493)
Completed 200 OK in 439ms (Views: 438.1ms | ActiveRecord: 0.3ms)


Started GET "/assets/application.css?body=1" for 127.0.0.1 at Fri Sep 16 00:34:55 +0200 2011
Served asset /application.css - 200 OK (4ms)


Started GET "/assets/jquery.js?body=1" for 127.0.0.1 at Fri Sep 16 00:34:55 +0200 2011
Served asset /jquery.js - 304 Not Modified (5ms)


Started GET "/assets/jquery_ujs.js?body=1" for 127.0.0.1 at Fri Sep 16 00:34:55 +0200 2011
Served asset /jquery_ujs.js - 304 Not Modified (2ms)


Started GET "/assets/webcam.js?body=1" for 127.0.0.1 at Fri Sep 16 00:34:55 +0200 2011
Served asset /webcam.js - 304 Not Modified (2ms)


Started GET "/assets/application.js?body=1" for 127.0.0.1 at Fri Sep 16 00:34:55 +0200 2011
Served asset /application.js - 200 OK (5ms)


Started GET "/photos/new" for 127.0.0.1 at Fri Sep 16 00:35:27 +0200 2011
  Processing by PhotosController#new as HTML
Rendered photos/new.html.erb within layouts/application (9.0ms)
Completed 200 OK in 88ms (Views: 86.6ms | ActiveRecord: 0.3ms)


Started GET "/assets/application.css?body=1" for 127.0.0.1 at Fri Sep 16 00:35:27 +0200 2011
Served asset /application.css - 304 Not Modified (0ms)


Started GET "/assets/jquery.js?body=1" for 127.0.0.1 at Fri Sep 16 00:35:27 +0200 2011
Served asset /jquery.js - 304 Not Modified (0ms)


Started GET "/assets/jquery_ujs.js?body=1" for 127.0.0.1 at Fri Sep 16 00:35:27 +0200 2011
Served asset /jquery_ujs.js - 304 Not Modified (0ms)


Started GET "/assets/webcam.js?body=1" for 127.0.0.1 at Fri Sep 16 00:35:27 +0200 2011
Served asset /webcam.js - 304 Not Modified (0ms)


Started GET "/assets/application.js?body=1" for 127.0.0.1 at Fri Sep 16 00:35:27 +0200 2011
Served asset /application.js - 304 Not Modified (0ms)


Started GET "/photos/new" for 127.0.0.1 at Fri Sep 16 00:36:02 +0200 2011
  Processing by PhotosController#new as HTML
Rendered photos/new.html.erb within layouts/application (9.5ms)
Completed 200 OK in 18ms (Views: 17.5ms | ActiveRecord: 0.3ms)


Started GET "/assets/application.css?body=1" for 127.0.0.1 at Fri Sep 16 00:36:02 +0200 2011
Served asset /application.css - 304 Not Modified (0ms)


Started GET "/assets/jquery.js?body=1" for 127.0.0.1 at Fri Sep 16 00:36:02 +0200 2011
Served asset /jquery.js - 304 Not Modified (0ms)


Started GET "/assets/jquery_ujs.js?body=1" for 127.0.0.1 at Fri Sep 16 00:36:02 +0200 2011
Served asset /jquery_ujs.js - 304 Not Modified (0ms)


Started GET "/assets/webcam.js?body=1" for 127.0.0.1 at Fri Sep 16 00:36:02 +0200 2011
Served asset /webcam.js - 304 Not Modified (0ms)


Started GET "/assets/application.js?body=1" for 127.0.0.1 at Fri Sep 16 00:36:02 +0200 2011
Served asset /application.js - 304 Not Modified (0ms)


Started GET "/photos/new" for 127.0.0.1 at Fri Sep 16 00:36:04 +0200 2011
  Processing by PhotosController#new as HTML
Rendered photos/new.html.erb within layouts/application (8.8ms)
Completed 200 OK in 21ms (Views: 20.1ms | ActiveRecord: 0.3ms)


Started GET "/assets/application.css?body=1" for 127.0.0.1 at Fri Sep 16 00:36:04 +0200 2011
Served asset /application.css - 304 Not Modified (0ms)


Started GET "/assets/jquery_ujs.js?body=1" for 127.0.0.1 at Fri Sep 16 00:36:04 +0200 2011
Served asset /jquery_ujs.js - 304 Not Modified (0ms)


Started GET "/assets/jquery.js?body=1" for 127.0.0.1 at Fri Sep 16 00:36:04 +0200 2011
Served asset /jquery.js - 304 Not Modified (0ms)


Started GET "/assets/webcam.js?body=1" for 127.0.0.1 at Fri Sep 16 00:36:04 +0200 2011
Served asset /webcam.js - 304 Not Modified (0ms)


Started GET "/assets/application.js?body=1" for 127.0.0.1 at Fri Sep 16 00:36:04 +0200 2011
Served asset /application.js - 304 Not Modified (0ms)


Started GET "/photos/new" for 127.0.0.1 at Fri Sep 16 00:36:20 +0200 2011
  Processing by PhotosController#new as HTML
Rendered photos/new.html.erb within layouts/application (10.2ms)
Completed 200 OK in 20ms (Views: 18.8ms | ActiveRecord: 0.3ms)


Started GET "/assets/application.css?body=1" for 127.0.0.1 at Fri Sep 16 00:36:20 +0200 2011
Served asset /application.css - 304 Not Modified (0ms)


Started GET "/assets/jquery.js?body=1" for 127.0.0.1 at Fri Sep 16 00:36:20 +0200 2011
Served asset /jquery.js - 304 Not Modified (0ms)


Started GET "/assets/jquery_ujs.js?body=1" for 127.0.0.1 at Fri Sep 16 00:36:20 +0200 2011
Served asset /jquery_ujs.js - 304 Not Modified (0ms)


Started GET "/assets/webcam.js?body=1" for 127.0.0.1 at Fri Sep 16 00:36:20 +0200 2011
Served asset /webcam.js - 304 Not Modified (0ms)


Started GET "/assets/application.js?body=1" for 127.0.0.1 at Fri Sep 16 00:36:20 +0200 2011
Served asset /application.js - 304 Not Modified (0ms)


Started GET "/photos/new" for 127.0.0.1 at Fri Sep 16 00:36:45 +0200 2011
  Processing by PhotosController#new as HTML
Rendered photos/new.html.erb within layouts/application (9.4ms)
Completed 200 OK in 18ms (Views: 17.0ms | ActiveRecord: 0.3ms)


Started GET "/assets/webcam.js?body=1" for 127.0.0.1 at Fri Sep 16 00:36:45 +0200 2011
Served asset /webcam.js - 304 Not Modified (0ms)


Started GET "/assets/application.css?body=1" for 127.0.0.1 at Fri Sep 16 00:36:45 +0200 2011
Served asset /application.css - 304 Not Modified (0ms)


Started GET "/assets/application.js?body=1" for 127.0.0.1 at Fri Sep 16 00:36:45 +0200 2011
Served asset /application.js - 304 Not Modified (0ms)


Started GET "/assets/jquery_ujs.js?body=1" for 127.0.0.1 at Fri Sep 16 00:36:45 +0200 2011
Served asset /jquery_ujs.js - 304 Not Modified (0ms)


Started GET "/assets/jquery.js?body=1" for 127.0.0.1 at Fri Sep 16 00:36:45 +0200 2011
Served asset /jquery.js - 304 Not Modified (0ms)


Started GET "/photos/new" for 127.0.0.1 at Fri Sep 16 00:36:47 +0200 2011
  Processing by PhotosController#new as HTML
Rendered photos/new.html.erb within layouts/application (77.2ms)
Completed 200 OK in 89ms (Views: 88.3ms | ActiveRecord: 0.3ms)


Started GET "/assets/application.css?body=1" for 127.0.0.1 at Fri Sep 16 00:36:47 +0200 2011
Served asset /application.css - 304 Not Modified (0ms)


Started GET "/assets/jquery.js?body=1" for 127.0.0.1 at Fri Sep 16 00:36:47 +0200 2011
Served asset /jquery.js - 304 Not Modified (0ms)


Started GET "/assets/webcam.js?body=1" for 127.0.0.1 at Fri Sep 16 00:36:47 +0200 2011
Served asset /webcam.js - 304 Not Modified (0ms)


Started GET "/assets/jquery_ujs.js?body=1" for 127.0.0.1 at Fri Sep 16 00:36:47 +0200 2011
Served asset /jquery_ujs.js - 304 Not Modified (0ms)


Started GET "/assets/application.js?body=1" for 127.0.0.1 at Fri Sep 16 00:36:47 +0200 2011
Served asset /application.js - 304 Not Modified (0ms)


Started GET "/photos/new" for 127.0.0.1 at Fri Sep 16 00:36:48 +0200 2011
  Processing by PhotosController#new as HTML
Rendered photos/new.html.erb within layouts/application (9.1ms)
Completed 200 OK in 21ms (Views: 19.8ms | ActiveRecord: 0.3ms)


Started GET "/assets/application.css?body=1" for 127.0.0.1 at Fri Sep 16 00:36:48 +0200 2011
Served asset /application.css - 304 Not Modified (0ms)


Started GET "/assets/jquery.js?body=1" for 127.0.0.1 at Fri Sep 16 00:36:48 +0200 2011
Served asset /jquery.js - 304 Not Modified (0ms)


Started GET "/assets/webcam.js?body=1" for 127.0.0.1 at Fri Sep 16 00:36:48 +0200 2011
Served asset /webcam.js - 304 Not Modified (0ms)


Started GET "/assets/jquery_ujs.js?body=1" for 127.0.0.1 at Fri Sep 16 00:36:48 +0200 2011
Served asset /jquery_ujs.js - 304 Not Modified (0ms)


Started GET "/assets/application.js?body=1" for 127.0.0.1 at Fri Sep 16 00:36:48 +0200 2011
Served asset /application.js - 304 Not Modified (0ms)


Started GET "/photos/new" for 127.0.0.1 at Fri Sep 16 00:37:07 +0200 2011
  Processing by PhotosController#new as HTML
Rendered photos/new.html.erb within layouts/application (9.7ms)
Completed 200 OK in 19ms (Views: 17.8ms | ActiveRecord: 0.2ms)


Started GET "/assets/application.css?body=1" for 127.0.0.1 at Fri Sep 16 00:37:07 +0200 2011
Served asset /application.css - 304 Not Modified (0ms)


Started GET "/assets/jquery.js?body=1" for 127.0.0.1 at Fri Sep 16 00:37:07 +0200 2011
Served asset /jquery.js - 304 Not Modified (0ms)


Started GET "/assets/jquery_ujs.js?body=1" for 127.0.0.1 at Fri Sep 16 00:37:07 +0200 2011
Served asset /jquery_ujs.js - 304 Not Modified (0ms)


Started GET "/assets/webcam.js?body=1" for 127.0.0.1 at Fri Sep 16 00:37:07 +0200 2011
Served asset /webcam.js - 304 Not Modified (0ms)


Started GET "/assets/application.js?body=1" for 127.0.0.1 at Fri Sep 16 00:37:07 +0200 2011
Served asset /application.js - 304 Not Modified (0ms)


Started POST "/photos/upload" for 127.0.0.1 at Fri Sep 16 00:37:17 +0200 2011
  Processing by PhotosController#upload as HTML
WARNING: Can't verify CSRF token authenticity
Completed 500 Internal Server Error in 2ms

NameError (uninitialized constant PhotosController::RAILS_ROOT):
  app/controllers/photos_controller.rb:29:in `upload_path'
  app/controllers/photos_controller.rb:19:in `upload'

Rendered /Library/Ruby/Gems/1.8/gems/actionpack-3.1.0/lib/action_dispatch/middleware/templates/rescues/_trace.erb (1.4ms)
Rendered /Library/Ruby/Gems/1.8/gems/actionpack-3.1.0/lib/action_dispatch/middleware/templates/rescues/_request_and_response.erb (0.9ms)
Rendered /Library/Ruby/Gems/1.8/gems/actionpack-3.1.0/lib/action_dispatch/middleware/templates/rescues/diagnostics.erb within rescues/layout (5.1ms)


Started GET "/photos/new" for 127.0.0.1 at Fri Sep 16 00:37:38 +0200 2011
  Processing by PhotosController#new as HTML
Rendered photos/new.html.erb within layouts/application (9.3ms)
Completed 200 OK in 19ms (Views: 17.6ms | ActiveRecord: 0.3ms)


Started GET "/assets/application.css?body=1" for 127.0.0.1 at Fri Sep 16 00:37:39 +0200 2011
Served asset /application.css - 304 Not Modified (0ms)


Started GET "/assets/jquery.js?body=1" for 127.0.0.1 at Fri Sep 16 00:37:39 +0200 2011
Served asset /jquery.js - 304 Not Modified (0ms)


Started GET "/assets/jquery_ujs.js?body=1" for 127.0.0.1 at Fri Sep 16 00:37:39 +0200 2011
Served asset /jquery_ujs.js - 304 Not Modified (0ms)


Started GET "/assets/webcam.js?body=1" for 127.0.0.1 at Fri Sep 16 00:37:39 +0200 2011
Served asset /webcam.js - 304 Not Modified (0ms)


Started GET "/assets/application.js?body=1" for 127.0.0.1 at Fri Sep 16 00:37:39 +0200 2011
Served asset /application.js - 304 Not Modified (0ms)


Started POST "/photos/upload" for 127.0.0.1 at Fri Sep 16 00:37:46 +0200 2011
  Processing by PhotosController#upload as HTML
WARNING: Can't verify CSRF token authenticity
Completed 500 Internal Server Error in 1ms

NameError (uninitialized constant PhotosController::RAILS_ROOT):
  app/controllers/photos_controller.rb:29:in `upload_path'
  app/controllers/photos_controller.rb:19:in `upload'

Rendered /Library/Ruby/Gems/1.8/gems/actionpack-3.1.0/lib/action_dispatch/middleware/templates/rescues/_trace.erb (1.8ms)
Rendered /Library/Ruby/Gems/1.8/gems/actionpack-3.1.0/lib/action_dispatch/middleware/templates/rescues/_request_and_response.erb (1.0ms)
Rendered /Library/Ruby/Gems/1.8/gems/actionpack-3.1.0/lib/action_dispatch/middleware/templates/rescues/diagnostics.erb within rescues/layout (5.8ms)


Started GET "/photos/new" for 127.0.0.1 at Fri Sep 16 00:38:27 +0200 2011
  Processing by PhotosController#new as HTML
Rendered photos/new.html.erb within layouts/application (9.8ms)
Completed 200 OK in 19ms (Views: 17.9ms | ActiveRecord: 0.3ms)


Started GET "/assets/application.css?body=1" for 127.0.0.1 at Fri Sep 16 00:38:27 +0200 2011
Served asset /application.css - 304 Not Modified (0ms)


Started GET "/assets/jquery.js?body=1" for 127.0.0.1 at Fri Sep 16 00:38:27 +0200 2011
Served asset /jquery.js - 304 Not Modified (0ms)


Started GET "/assets/jquery_ujs.js?body=1" for 127.0.0.1 at Fri Sep 16 00:38:27 +0200 2011
Served asset /jquery_ujs.js - 304 Not Modified (0ms)


Started GET "/assets/webcam.js?body=1" for 127.0.0.1 at Fri Sep 16 00:38:27 +0200 2011
Served asset /webcam.js - 304 Not Modified (0ms)


Started GET "/assets/application.js?body=1" for 127.0.0.1 at Fri Sep 16 00:38:27 +0200 2011
Served asset /application.js - 304 Not Modified (0ms)


Started POST "/photos/upload" for 127.0.0.1 at Fri Sep 16 00:38:35 +0200 2011
  Processing by PhotosController#upload as HTML
WARNING: Can't verify CSRF token authenticity
Completed 500 Internal Server Error in 1ms

NameError (uninitialized constant PhotosController::RAILS_ROOT):
  app/controllers/photos_controller.rb:29:in `upload_path'
  app/controllers/photos_controller.rb:19:in `upload'

Rendered /Library/Ruby/Gems/1.8/gems/actionpack-3.1.0/lib/action_dispatch/middleware/templates/rescues/_trace.erb (1.4ms)
Rendered /Library/Ruby/Gems/1.8/gems/actionpack-3.1.0/lib/action_dispatch/middleware/templates/rescues/_request_and_response.erb (0.9ms)
Rendered /Library/Ruby/Gems/1.8/gems/actionpack-3.1.0/lib/action_dispatch/middleware/templates/rescues/diagnostics.erb within rescues/layout (4.8ms)


Started GET "/photos/new" for 127.0.0.1 at Fri Sep 16 00:38:46 +0200 2011
  Processing by PhotosController#new as HTML
Rendered photos/new.html.erb within layouts/application (9.9ms)
Completed 200 OK in 95ms (Views: 93.8ms | ActiveRecord: 0.3ms)


Started GET "/assets/application.js?body=1" for 127.0.0.1 at Fri Sep 16 00:38:46 +0200 2011
Served asset /application.js - 304 Not Modified (0ms)


Started GET "/assets/webcam.js?body=1" for 127.0.0.1 at Fri Sep 16 00:38:46 +0200 2011
Served asset /webcam.js - 304 Not Modified (0ms)


Started GET "/assets/jquery_ujs.js?body=1" for 127.0.0.1 at Fri Sep 16 00:38:46 +0200 2011
Served asset /jquery_ujs.js - 304 Not Modified (0ms)


Started GET "/assets/jquery.js?body=1" for 127.0.0.1 at Fri Sep 16 00:38:46 +0200 2011
Served asset /jquery.js - 304 Not Modified (0ms)


Started GET "/assets/application.css?body=1" for 127.0.0.1 at Fri Sep 16 00:38:46 +0200 2011
Served asset /application.css - 304 Not Modified (0ms)


Started GET "/photos/new" for 127.0.0.1 at Fri Sep 16 00:42:00 +0200 2011
  Processing by PhotosController#new as HTML
Rendered photos/new.html.erb within layouts/application (8.8ms)
Completed 200 OK in 17ms (Views: 16.5ms | ActiveRecord: 0.3ms)


Started GET "/assets/application.css?body=1" for 127.0.0.1 at Fri Sep 16 00:42:00 +0200 2011
Served asset /application.css - 304 Not Modified (0ms)


Started GET "/assets/jquery.js?body=1" for 127.0.0.1 at Fri Sep 16 00:42:00 +0200 2011
Served asset /jquery.js - 304 Not Modified (0ms)


Started GET "/assets/jquery_ujs.js?body=1" for 127.0.0.1 at Fri Sep 16 00:42:00 +0200 2011
Served asset /jquery_ujs.js - 304 Not Modified (0ms)


Started GET "/assets/webcam.js?body=1" for 127.0.0.1 at Fri Sep 16 00:42:00 +0200 2011
Served asset /webcam.js - 304 Not Modified (0ms)


Started GET "/assets/application.js?body=1" for 127.0.0.1 at Fri Sep 16 00:42:00 +0200 2011
Served asset /application.js - 304 Not Modified (0ms)


Started POST "/photos/upload" for 127.0.0.1 at Fri Sep 16 00:42:04 +0200 2011
  Processing by PhotosController#upload as HTML
WARNING: Can't verify CSRF token authenticity
Completed 500 Internal Server Error in 1ms

NameError (uninitialized constant PhotosController::RAILS_ROOT):
  app/controllers/photos_controller.rb:29:in `upload_path'
  app/controllers/photos_controller.rb:19:in `upload'

Rendered /Library/Ruby/Gems/1.8/gems/actionpack-3.1.0/lib/action_dispatch/middleware/templates/rescues/_trace.erb (1.8ms)
Rendered /Library/Ruby/Gems/1.8/gems/actionpack-3.1.0/lib/action_dispatch/middleware/templates/rescues/_request_and_response.erb (1.2ms)
Rendered /Library/Ruby/Gems/1.8/gems/actionpack-3.1.0/lib/action_dispatch/middleware/templates/rescues/diagnostics.erb within rescues/layout (6.7ms)


Started GET "/photos/new" for 127.0.0.1 at Fri Sep 16 00:42:21 +0200 2011
  Processing by PhotosController#new as HTML
Rendered photos/new.html.erb within layouts/application (10.2ms)
Completed 200 OK in 19ms (Views: 18.5ms | ActiveRecord: 0.3ms)


Started GET "/assets/application.css?body=1" for 127.0.0.1 at Fri Sep 16 00:42:22 +0200 2011
Served asset /application.css - 304 Not Modified (0ms)


Started GET "/assets/jquery.js?body=1" for 127.0.0.1 at Fri Sep 16 00:42:22 +0200 2011
Served asset /jquery.js - 304 Not Modified (0ms)


Started GET "/assets/webcam.js?body=1" for 127.0.0.1 at Fri Sep 16 00:42:22 +0200 2011
Served asset /webcam.js - 304 Not Modified (0ms)


Started GET "/assets/jquery_ujs.js?body=1" for 127.0.0.1 at Fri Sep 16 00:42:22 +0200 2011
Served asset /jquery_ujs.js - 304 Not Modified (0ms)


Started GET "/assets/application.js?body=1" for 127.0.0.1 at Fri Sep 16 00:42:22 +0200 2011
Served asset /application.js - 304 Not Modified (0ms)


Started POST "/photos/upload" for 127.0.0.1 at Fri Sep 16 00:42:38 +0200 2011
  Processing by PhotosController#upload as HTML
WARNING: Can't verify CSRF token authenticity
Completed 500 Internal Server Error in 1ms

NameError (uninitialized constant PhotosController::RAILS_ROOT):
  app/controllers/photos_controller.rb:29:in `upload_path'
  app/controllers/photos_controller.rb:19:in `upload'

Rendered /Library/Ruby/Gems/1.8/gems/actionpack-3.1.0/lib/action_dispatch/middleware/templates/rescues/_trace.erb (1.7ms)
Rendered /Library/Ruby/Gems/1.8/gems/actionpack-3.1.0/lib/action_dispatch/middleware/templates/rescues/_request_and_response.erb (1.2ms)
Rendered /Library/Ruby/Gems/1.8/gems/actionpack-3.1.0/lib/action_dispatch/middleware/templates/rescues/diagnostics.erb within rescues/layout (5.9ms)


Started GET "/photos/new" for 127.0.0.1 at Fri Sep 16 00:43:33 +0200 2011
  Processing by PhotosController#new as HTML
Rendered photos/new.html.erb within layouts/application (10.8ms)
Completed 200 OK in 22ms (Views: 21.5ms | ActiveRecord: 0.3ms)


Started GET "/assets/application.css?body=1" for 127.0.0.1 at Fri Sep 16 00:43:33 +0200 2011
Served asset /application.css - 304 Not Modified (0ms)


Started GET "/assets/jquery.js?body=1" for 127.0.0.1 at Fri Sep 16 00:43:33 +0200 2011
Served asset /jquery.js - 304 Not Modified (0ms)


Started GET "/assets/jquery_ujs.js?body=1" for 127.0.0.1 at Fri Sep 16 00:43:33 +0200 2011
Served asset /jquery_ujs.js - 304 Not Modified (0ms)


Started GET "/assets/webcam.js?body=1" for 127.0.0.1 at Fri Sep 16 00:43:33 +0200 2011
Served asset /webcam.js - 304 Not Modified (0ms)


Started GET "/assets/application.js?body=1" for 127.0.0.1 at Fri Sep 16 00:43:33 +0200 2011
Served asset /application.js - 304 Not Modified (0ms)


Started POST "/photos/upload" for 127.0.0.1 at Fri Sep 16 00:43:36 +0200 2011
  Processing by PhotosController#upload as HTML
WARNING: Can't verify CSRF token authenticity
Rendered text template (0.0ms)
Completed 200 OK in 213ms (Views: 153.7ms | ActiveRecord: 0.0ms)


Started GET "/photos/new" for 127.0.0.1 at Fri Sep 16 00:43:55 +0200 2011
  Processing by PhotosController#new as HTML
Rendered photos/new.html.erb within layouts/application (9.6ms)
Completed 200 OK in 20ms (Views: 19.4ms | ActiveRecord: 0.3ms)


Started GET "/assets/application.css?body=1" for 127.0.0.1 at Fri Sep 16 00:43:55 +0200 2011
Served asset /application.css - 304 Not Modified (0ms)


Started GET "/assets/jquery.js?body=1" for 127.0.0.1 at Fri Sep 16 00:43:55 +0200 2011
Served asset /jquery.js - 304 Not Modified (0ms)


Started GET "/assets/application.js?body=1" for 127.0.0.1 at Fri Sep 16 00:43:55 +0200 2011
Served asset /application.js - 304 Not Modified (0ms)


Started GET "/assets/webcam.js?body=1" for 127.0.0.1 at Fri Sep 16 00:43:55 +0200 2011
Served asset /webcam.js - 304 Not Modified (0ms)


Started GET "/assets/jquery_ujs.js?body=1" for 127.0.0.1 at Fri Sep 16 00:43:55 +0200 2011
Served asset /jquery_ujs.js - 304 Not Modified (0ms)


Started POST "/photos/upload" for 127.0.0.1 at Fri Sep 16 00:44:04 +0200 2011
  Processing by PhotosController#upload as HTML
WARNING: Can't verify CSRF token authenticity
Rendered text template (0.0ms)
Completed 200 OK in 7ms (Views: 4.8ms | ActiveRecord: 0.0ms)


Started GET "/photos/new" for 127.0.0.1 at Fri Sep 16 00:44:20 +0200 2011
  Processing by PhotosController#new as HTML
Rendered photos/new.html.erb within layouts/application (12.3ms)
Completed 200 OK in 21ms (Views: 20.4ms | ActiveRecord: 0.3ms)


Started GET "/assets/application.css?body=1" for 127.0.0.1 at Fri Sep 16 00:44:20 +0200 2011
Served asset /application.css - 304 Not Modified (0ms)


Started GET "/assets/jquery_ujs.js?body=1" for 127.0.0.1 at Fri Sep 16 00:44:20 +0200 2011
Served asset /jquery_ujs.js - 304 Not Modified (0ms)


Started GET "/assets/webcam.js?body=1" for 127.0.0.1 at Fri Sep 16 00:44:20 +0200 2011
Served asset /webcam.js - 304 Not Modified (0ms)


Started GET "/assets/application.js?body=1" for 127.0.0.1 at Fri Sep 16 00:44:20 +0200 2011
Served asset /application.js - 304 Not Modified (0ms)


Started GET "/assets/jquery.js?body=1" for 127.0.0.1 at Fri Sep 16 00:44:20 +0200 2011
Served asset /jquery.js - 304 Not Modified (0ms)


Started POST "/photos/upload" for 127.0.0.1 at Fri Sep 16 00:44:27 +0200 2011
  Processing by PhotosController#upload as HTML
WARNING: Can't verify CSRF token authenticity
Rendered text template (0.0ms)
Completed 200 OK in 6ms (Views: 4.4ms | ActiveRecord: 0.0ms)


Started GET "/photos/new" for 127.0.0.1 at Fri Sep 16 00:44:49 +0200 2011
  Processing by PhotosController#new as HTML
Rendered photos/new.html.erb within layouts/application (9.8ms)
Completed 200 OK in 27ms (Views: 26.2ms | ActiveRecord: 0.3ms)


Started GET "/assets/application.css?body=1" for 127.0.0.1 at Fri Sep 16 00:44:49 +0200 2011
Served asset /application.css - 304 Not Modified (0ms)


Started GET "/assets/jquery.js?body=1" for 127.0.0.1 at Fri Sep 16 00:44:49 +0200 2011
Served asset /jquery.js - 304 Not Modified (0ms)


Started GET "/assets/jquery_ujs.js?body=1" for 127.0.0.1 at Fri Sep 16 00:44:49 +0200 2011
Served asset /jquery_ujs.js - 304 Not Modified (0ms)


Started GET "/assets/webcam.js?body=1" for 127.0.0.1 at Fri Sep 16 00:44:49 +0200 2011
Served asset /webcam.js - 304 Not Modified (0ms)


Started GET "/assets/application.js?body=1" for 127.0.0.1 at Fri Sep 16 00:44:49 +0200 2011
Served asset /application.js - 304 Not Modified (0ms)


Started POST "/photos/upload" for 127.0.0.1 at Fri Sep 16 00:45:00 +0200 2011
  Processing by PhotosController#upload as HTML
WARNING: Can't verify CSRF token authenticity
Rendered text template (0.0ms)
Completed 200 OK in 6ms (Views: 4.6ms | ActiveRecord: 0.0ms)


Started POST "/photos" for 127.0.0.1 at Fri Sep 16 00:45:06 +0200 2011
  Processing by PhotosController#create as HTML
  Parameters: {"photo"=>{"description"=>"Test photo"}, "commit"=>"Save the photo", "authenticity_token"=>"3J8A4eE3KTKjXfuK7DQ1VhgzxnjgrhNEK+6jFmkrUbE=", "utf8"=>"\342\234\223"}
WARNING: Can't verify CSRF token authenticity
  [1m[36mSQL (150.3ms)[0m  [1mINSERT INTO "photos" ("created_at", "description", "image_content_type", "image_file_name", "image_file_size", "image_updated_at", "updated_at") VALUES (?, ?, ?, ?, ?, ?, ?)[0m  [["created_at", Thu, 15 Sep 2011 22:45:07 UTC +00:00], ["description", "Test photo"], ["image_content_type", "image/jpeg"], ["image_file_name", ".jpg"], ["image_file_size", 93587], ["image_updated_at", Thu, 15 Sep 2011 22:45:06 UTC +00:00], ["updated_at", Thu, 15 Sep 2011 22:45:07 UTC +00:00]]
[paperclip] Saving attachments.
[paperclip] saving /Users/lassebunk/dev/web/webcam_app2/public/system/images/1/thumb/.jpg
[paperclip] saving /Users/lassebunk/dev/web/webcam_app2/public/system/images/1/original/.jpg
[paperclip] saving /Users/lassebunk/dev/web/webcam_app2/public/system/images/1/medium/.jpg
Redirected to http://localhost:3000/photos/1
Completed 302 Found in 1879ms


Started GET "/photos/1" for 127.0.0.1 at Fri Sep 16 00:45:08 +0200 2011
  Processing by PhotosController#show as HTML
  Parameters: {"id"=>"1"}
  [1m[35mPhoto Load (0.2ms)[0m  SELECT "photos".* FROM "photos" WHERE "photos"."id" = ? LIMIT 1  [["id", "1"]]
Rendered photos/show.html.erb within layouts/application (8.2ms)
Completed 200 OK in 55ms (Views: 51.3ms | ActiveRecord: 0.6ms)


Started GET "/assets/application.css?body=1" for 127.0.0.1 at Fri Sep 16 00:45:08 +0200 2011
Served asset /application.css - 304 Not Modified (0ms)


Started GET "/assets/jquery.js?body=1" for 127.0.0.1 at Fri Sep 16 00:45:08 +0200 2011
Served asset /jquery.js - 304 Not Modified (0ms)


Started GET "/assets/jquery_ujs.js?body=1" for 127.0.0.1 at Fri Sep 16 00:45:08 +0200 2011
Served asset /jquery_ujs.js - 304 Not Modified (0ms)


Started GET "/assets/webcam.js?body=1" for 127.0.0.1 at Fri Sep 16 00:45:08 +0200 2011
Served asset /webcam.js - 304 Not Modified (0ms)


Started GET "/assets/application.js?body=1" for 127.0.0.1 at Fri Sep 16 00:45:08 +0200 2011
Served asset /application.js - 304 Not Modified (0ms)


Started GET "/photos/new" for 127.0.0.1 at 2012-06-21 10:26:05 -0400
Connecting to database specified by database.yml
Processing by PhotosController#new as HTML
  Rendered photos/new.html.erb within layouts/application (26.3ms)
Completed 500 Internal Server Error in 57ms

ActionView::Template::Error (Could not find table 'photos'):
    29: </script>
    30: <input type="button" value="Take picture" onclick="webcam.snap();"/>
    31: 
    32: <%= form_for Photo.new, :html => {:style => "display: none;"} do |f| %>
    33:     <p>
    34:       <%= f.label :description %><br/>
    35:       <%= f.text_field :description %>
  app/views/photos/new.html.erb:32:in `new'
  app/views/photos/new.html.erb:32:in `_app_views_photos_new_html_erb__2105584713533512881_2155422180'


  Rendered /Users/agoldstein/.rvm/gems/ruby-1.9.2-p180/gems/actionpack-3.2.4/lib/action_dispatch/middleware/templates/rescues/_trace.erb (4.2ms)
  Rendered /Users/agoldstein/.rvm/gems/ruby-1.9.2-p180/gems/actionpack-3.2.4/lib/action_dispatch/middleware/templates/rescues/_request_and_response.erb (1.1ms)
  Rendered /Users/agoldstein/.rvm/gems/ruby-1.9.2-p180/gems/actionpack-3.2.4/lib/action_dispatch/middleware/templates/rescues/template_error.erb within rescues/layout (11.3ms)
Connecting to database specified by database.yml
  [1m[36m (0.1ms)[0m  [1mselect sqlite_version(*)[0m
  [1m[35m (17.2ms)[0m  CREATE TABLE "schema_migrations" ("version" varchar(255) NOT NULL) 
  [1m[36m (0.1ms)[0m  [1mPRAGMA index_list("schema_migrations")[0m
  [1m[35m (21.3ms)[0m  CREATE UNIQUE INDEX "unique_schema_migrations" ON "schema_migrations" ("version")
  [1m[36m (0.1ms)[0m  [1mSELECT "schema_migrations"."version" FROM "schema_migrations" [0m
Migrating to CreatePhotos (20110218224234)
  [1m[35m (0.0ms)[0m  begin transaction
  [1m[36m (0.5ms)[0m  [1mCREATE TABLE "photos" ("id" INTEGER PRIMARY KEY AUTOINCREMENT NOT NULL, "description" varchar(255), "created_at" datetime NOT NULL, "updated_at" datetime NOT NULL) [0m
  [1m[35m (0.1ms)[0m  INSERT INTO "schema_migrations" ("version") VALUES ('20110218224234')
  [1m[36m (1.5ms)[0m  [1mcommit transaction[0m
Migrating to AddAttachmentImageToPhoto (20110218232056)
  [1m[35m (0.1ms)[0m  begin transaction
  [1m[36m (0.8ms)[0m  [1mALTER TABLE "photos" ADD "image_file_name" varchar(255)[0m
  [1m[35m (0.2ms)[0m  ALTER TABLE "photos" ADD "image_content_type" varchar(255)
  [1m[36m (0.2ms)[0m  [1mALTER TABLE "photos" ADD "image_file_size" integer[0m
  [1m[35m (0.3ms)[0m  ALTER TABLE "photos" ADD "image_updated_at" datetime
  [1m[36m (0.1ms)[0m  [1mINSERT INTO "schema_migrations" ("version") VALUES ('20110218232056')[0m
  [1m[35m (1.3ms)[0m  commit transaction
  [1m[36m (0.3ms)[0m  [1mselect sqlite_version(*)[0m
  [1m[35m (0.1ms)[0m  SELECT "schema_migrations"."version" FROM "schema_migrations" 
  [1m[36m (0.0ms)[0m  [1mPRAGMA index_list("photos")[0m


Started GET "/photos/new" for 127.0.0.1 at 2012-06-21 10:27:08 -0400
Connecting to database specified by database.yml
Processing by PhotosController#new as HTML
  Rendered photos/new.html.erb within layouts/application (32.7ms)
Compiled application.css  (0ms)  (pid 37621)
Compiled jquery.js  (53ms)  (pid 37621)
Compiled jquery_ujs.js  (0ms)  (pid 37621)
Compiled webcam.js  (0ms)  (pid 37621)
Compiled application.js  (183ms)  (pid 37621)
Completed 200 OK in 345ms (Views: 345.0ms | ActiveRecord: 0.0ms)


Started GET "/assets/jquery_ujs.js?body=1" for 127.0.0.1 at 2012-06-21 10:27:09 -0400
Served asset /jquery_ujs.js - 304 Not Modified (6ms)


Started GET "/assets/webcam.js?body=1" for 127.0.0.1 at 2012-06-21 10:27:09 -0400
Served asset /webcam.js - 304 Not Modified (2ms)


Started GET "/assets/application.js?body=1" for 127.0.0.1 at 2012-06-21 10:27:09 -0400
Served asset /application.js - 200 OK (11ms)


Started GET "/assets/application.css?body=1" for 127.0.0.1 at 2012-06-21 10:27:09 -0400
Served asset /application.css - 200 OK (2ms)


Started GET "/assets/jquery.js?body=1" for 127.0.0.1 at 2012-06-21 10:27:09 -0400
Served asset /jquery.js - 304 Not Modified (68ms)


Started GET "/photos/new" for 127.0.0.1 at 2012-06-21 11:18:12 -0400
Connecting to database specified by database.yml
Processing by PhotosController#new as HTML
  Rendered photos/new.html.erb within layouts/application (67.1ms)
Completed 200 OK in 854629ms (Views: 164.9ms | ActiveRecord: 0.0ms)


Started GET "/assets/application.css?body=1" for 127.0.0.1 at 2012-06-21 11:32:34 -0400
Served asset /application.css - 304 Not Modified (2ms)


Started GET "/assets/application.js?body=1" for 127.0.0.1 at 2012-06-21 11:32:34 -0400
Served asset /application.js - 304 Not Modified (15ms)


Started GET "/assets/jquery.js?body=1" for 127.0.0.1 at 2012-06-21 11:32:34 -0400
Served asset /jquery.js - 304 Not Modified (4ms)


Started GET "/assets/jquery_ujs.js?body=1" for 127.0.0.1 at 2012-06-21 11:32:34 -0400
Served asset /jquery_ujs.js - 304 Not Modified (2ms)


Started GET "/assets/webcam.js?body=1" for 127.0.0.1 at 2012-06-21 11:32:34 -0400
Served asset /webcam.js - 304 Not Modified (3ms)


Started GET "/photos/new" for 127.0.0.1 at 2012-06-21 11:32:37 -0400
Processing by PhotosController#new as HTML
Completed 500 Internal Server Error in 1ms

NameError (uninitialized constant PhotosController::ALL_QUESTIONS):
  app/controllers/photos_controller.rb:12:in `new'


  Rendered /Users/agoldstein/.rvm/gems/ruby-1.9.2-p180/gems/actionpack-3.2.4/lib/action_dispatch/middleware/templates/rescues/_trace.erb (2.8ms)
  Rendered /Users/agoldstein/.rvm/gems/ruby-1.9.2-p180/gems/actionpack-3.2.4/lib/action_dispatch/middleware/templates/rescues/_request_and_response.erb (2.0ms)
  Rendered /Users/agoldstein/.rvm/gems/ruby-1.9.2-p180/gems/actionpack-3.2.4/lib/action_dispatch/middleware/templates/rescues/diagnostics.erb within rescues/layout (12.3ms)


Started GET "/photos/new" for 127.0.0.1 at 2012-06-21 11:34:43 -0400
Connecting to database specified by database.yml
Processing by PhotosController#new as HTML
Completed 500 Internal Server Error in 1ms

NoMethodError (undefined method `size' for nil:NilClass):
  app/controllers/photos_controller.rb:17:in `block in new'
  app/controllers/photos_controller.rb:12:in `each'
  app/controllers/photos_controller.rb:12:in `new'


  Rendered /Users/agoldstein/.rvm/gems/ruby-1.9.2-p180/gems/actionpack-3.2.4/lib/action_dispatch/middleware/templates/rescues/_trace.erb (3.4ms)
  Rendered /Users/agoldstein/.rvm/gems/ruby-1.9.2-p180/gems/actionpack-3.2.4/lib/action_dispatch/middleware/templates/rescues/_request_and_response.erb (1.1ms)
  Rendered /Users/agoldstein/.rvm/gems/ruby-1.9.2-p180/gems/actionpack-3.2.4/lib/action_dispatch/middleware/templates/rescues/diagnostics.erb within rescues/layout (23.8ms)


Started GET "/photos/new" for 127.0.0.1 at 2012-06-21 11:35:09 -0400
Processing by PhotosController#new as HTML
Completed 500 Internal Server Error in 60196ms

NoMethodError (undefined method `size' for nil:NilClass):
  app/controllers/photos_controller.rb:18:in `block in new'
  app/controllers/photos_controller.rb:13:in `each'
  app/controllers/photos_controller.rb:13:in `new'


  Rendered /Users/agoldstein/.rvm/gems/ruby-1.9.2-p180/gems/actionpack-3.2.4/lib/action_dispatch/middleware/templates/rescues/_trace.erb (3.0ms)
  Rendered /Users/agoldstein/.rvm/gems/ruby-1.9.2-p180/gems/actionpack-3.2.4/lib/action_dispatch/middleware/templates/rescues/_request_and_response.erb (1.7ms)
  Rendered /Users/agoldstein/.rvm/gems/ruby-1.9.2-p180/gems/actionpack-3.2.4/lib/action_dispatch/middleware/templates/rescues/diagnostics.erb within rescues/layout (11.6ms)


Started GET "/photos/new" for 127.0.0.1 at 2012-06-21 11:36:17 -0400
Processing by PhotosController#new as HTML
  Rendered photos/new.html.erb within layouts/application (29.4ms)
Completed 200 OK in 3943ms (Views: 67.1ms | ActiveRecord: 0.0ms)


Started GET "/assets/application.css?body=1" for 127.0.0.1 at 2012-06-21 11:36:21 -0400
Served asset /application.css - 304 Not Modified (2ms)


Started GET "/assets/jquery_ujs.js?body=1" for 127.0.0.1 at 2012-06-21 11:36:21 -0400
Served asset /jquery_ujs.js - 304 Not Modified (30ms)


Started GET "/assets/webcam.js?body=1" for 127.0.0.1 at 2012-06-21 11:36:22 -0400
Served asset /webcam.js - 304 Not Modified (5ms)


Started GET "/assets/jquery.js?body=1" for 127.0.0.1 at 2012-06-21 11:36:22 -0400
Served asset /jquery.js - 304 Not Modified (93ms)


Started GET "/assets/application.js?body=1" for 127.0.0.1 at 2012-06-21 11:36:22 -0400
Served asset /application.js - 304 Not Modified (10ms)


Started GET "/photos/new" for 127.0.0.1 at 2012-06-21 11:36:23 -0400
Processing by PhotosController#new as HTML
  Rendered photos/new.html.erb within layouts/application (4.0ms)
Completed 200 OK in 473617ms (Views: 14.8ms | ActiveRecord: 0.0ms)


Started GET "/assets/application.css?body=1" for 127.0.0.1 at 2012-06-21 11:44:17 -0400
Served asset /application.css - 304 Not Modified (8ms)


Started GET "/assets/jquery.js?body=1" for 127.0.0.1 at 2012-06-21 11:44:17 -0400
Served asset /jquery.js - 304 Not Modified (0ms)


Started GET "/photos/new" for 127.0.0.1 at 2012-06-21 13:23:41 -0400
Connecting to database specified by database.yml
Processing by PhotosController#new as HTML
  Rendered photos/new.html.erb within layouts/application (49.1ms)
Completed 200 OK in 152ms (Views: 151.1ms | ActiveRecord: 0.0ms)


Started GET "/assets/application.css?body=1" for 127.0.0.1 at 2012-06-21 13:23:42 -0400
Served asset /application.css - 304 Not Modified (6ms)


Started GET "/assets/jquery_ujs.js?body=1" for 127.0.0.1 at 2012-06-21 13:23:42 -0400
Served asset /jquery_ujs.js - 200 OK (6ms)


Started GET "/assets/webcam.js?body=1" for 127.0.0.1 at 2012-06-21 13:23:42 -0400
Served asset /webcam.js - 200 OK (3ms)


Started GET "/assets/jquery.js?body=1" for 127.0.0.1 at 2012-06-21 13:23:42 -0400
Served asset /jquery.js - 304 Not Modified (3ms)


Started GET "/assets/application.js?body=1" for 127.0.0.1 at 2012-06-21 13:23:42 -0400
Served asset /application.js - 200 OK (7ms)


Started GET "/photos/new" for 127.0.0.1 at 2012-06-21 13:46:23 -0400
Connecting to database specified by database.yml
Processing by PhotosController#new as HTML
  Rendered photos/new.html.erb within layouts/application (65.1ms)
Completed 200 OK in 245ms (Views: 244.5ms | ActiveRecord: 0.0ms)


Started GET "/assets/jquery.js?body=1" for 127.0.0.1 at 2012-06-21 13:46:24 -0400
Served asset /jquery.js - 304 Not Modified (8ms)


Started GET "/assets/jquery_ujs.js?body=1" for 127.0.0.1 at 2012-06-21 13:46:24 -0400
Served asset /jquery_ujs.js - 304 Not Modified (2ms)


Started GET "/assets/application.css?body=1" for 127.0.0.1 at 2012-06-21 13:46:24 -0400
Served asset /application.css - 304 Not Modified (2ms)


Started GET "/assets/webcam.js?body=1" for 127.0.0.1 at 2012-06-21 13:46:24 -0400
Served asset /webcam.js - 304 Not Modified (3ms)


Started GET "/assets/application.js?body=1" for 127.0.0.1 at 2012-06-21 13:46:24 -0400
Served asset /application.js - 304 Not Modified (38ms)


Started GET "/photos/new" for 127.0.0.1 at 2012-06-21 13:47:33 -0400
Processing by PhotosController#new as HTML
Completed 500 Internal Server Error in 1ms

NameError (undefined local variable or method `name' for #<PhotosController:0x00000100fa6c10>):
  app/controllers/photos_controller.rb:13:in `block in new'
  app/controllers/photos_controller.rb:12:in `each'
  app/controllers/photos_controller.rb:12:in `new'


  Rendered /Users/agoldstein/.rvm/gems/ruby-1.9.2-p180/gems/actionpack-3.2.4/lib/action_dispatch/middleware/templates/rescues/_trace.erb (2.9ms)
  Rendered /Users/agoldstein/.rvm/gems/ruby-1.9.2-p180/gems/actionpack-3.2.4/lib/action_dispatch/middleware/templates/rescues/_request_and_response.erb (1.3ms)
  Rendered /Users/agoldstein/.rvm/gems/ruby-1.9.2-p180/gems/actionpack-3.2.4/lib/action_dispatch/middleware/templates/rescues/diagnostics.erb within rescues/layout (10.4ms)


Started GET "/photos/new" for 127.0.0.1 at 2012-06-21 13:48:06 -0400
Processing by PhotosController#new as HTML
  Rendered photos/new.html.erb within layouts/application (17.5ms)
Completed 200 OK in 182039ms (Views: 52.0ms | ActiveRecord: 0.0ms)


Started GET "/assets/webcam.js?body=1" for 127.0.0.1 at 2012-06-21 13:51:08 -0400
Served asset /webcam.js - 304 Not Modified (0ms)


Started GET "/assets/application.js?body=1" for 127.0.0.1 at 2012-06-21 13:51:08 -0400
Served asset /application.js - 304 Not Modified (0ms)


Started GET "/assets/application.css?body=1" for 127.0.0.1 at 2012-06-21 13:51:08 -0400
Served asset /application.css - 304 Not Modified (0ms)


Started GET "/assets/jquery.js?body=1" for 127.0.0.1 at 2012-06-21 13:51:08 -0400
Served asset /jquery.js - 304 Not Modified (0ms)


Started GET "/assets/jquery_ujs.js?body=1" for 127.0.0.1 at 2012-06-21 13:51:08 -0400
Served asset /jquery_ujs.js - 304 Not Modified (0ms)


Started GET "/assets/favicon.ico" for 127.0.0.1 at 2012-06-21 14:01:31 -0400
Served asset /favicon.ico - 404 Not Found (639ms)

ActionController::RoutingError (No route matches [GET] "/assets/favicon.ico"):
  actionpack (3.2.4) lib/action_dispatch/middleware/debug_exceptions.rb:21:in `call'
  actionpack (3.2.4) lib/action_dispatch/middleware/show_exceptions.rb:56:in `call'
  railties (3.2.4) lib/rails/rack/logger.rb:26:in `call_app'
  railties (3.2.4) lib/rails/rack/logger.rb:16:in `call'
  actionpack (3.2.4) lib/action_dispatch/middleware/request_id.rb:22:in `call'
  rack (1.4.1) lib/rack/methodoverride.rb:21:in `call'
  rack (1.4.1) lib/rack/runtime.rb:17:in `call'
  activesupport (3.2.4) lib/active_support/cache/strategy/local_cache.rb:72:in `call'
  rack (1.4.1) lib/rack/lock.rb:15:in `call'
  actionpack (3.2.4) lib/action_dispatch/middleware/static.rb:62:in `call'
  railties (3.2.4) lib/rails/engine.rb:479:in `call'
  railties (3.2.4) lib/rails/application.rb:220:in `call'
  rack (1.4.1) lib/rack/content_length.rb:14:in `call'
  railties (3.2.4) lib/rails/rack/log_tailer.rb:17:in `call'
  rack (1.4.1) lib/rack/handler/webrick.rb:59:in `service'
  /Users/agoldstein/.rvm/rubies/ruby-1.9.2-p180/lib/ruby/1.9.1/webrick/httpserver.rb:111:in `service'
  /Users/agoldstein/.rvm/rubies/ruby-1.9.2-p180/lib/ruby/1.9.1/webrick/httpserver.rb:70:in `run'
  /Users/agoldstein/.rvm/rubies/ruby-1.9.2-p180/lib/ruby/1.9.1/webrick/server.rb:183:in `block in start_thread'


  Rendered /Users/agoldstein/.rvm/gems/ruby-1.9.2-p180/gems/actionpack-3.2.4/lib/action_dispatch/middleware/templates/rescues/routing_error.erb within rescues/layout (151.4ms)


Started POST "/photos/upload?authenticity_token=qcrAlnKtuULMAk9f7urbiaFSMIy3E8ZvGzGlKI3VdFE=" for 127.0.0.1 at 2012-06-21 14:08:29 -0400

SyntaxError (/Users/agoldstein/Workspace/personal/webcam_app/app/controllers/photos_controller.rb:5: syntax error, unexpected '['
    @photo.description = ALL_ANIMALS.sample.["filename"]
                                             ^
/Users/agoldstein/Workspace/personal/webcam_app/app/controllers/photos_controller.rb:5: syntax error, unexpected ']', expecting keyword_end):
  activesupport (3.2.4) lib/active_support/dependencies.rb:469:in `load'
  activesupport (3.2.4) lib/active_support/dependencies.rb:469:in `block in load_file'
  activesupport (3.2.4) lib/active_support/dependencies.rb:639:in `new_constants_in'
  activesupport (3.2.4) lib/active_support/dependencies.rb:468:in `load_file'
  activesupport (3.2.4) lib/active_support/dependencies.rb:353:in `require_or_load'
  activesupport (3.2.4) lib/active_support/dependencies.rb:502:in `load_missing_constant'
  activesupport (3.2.4) lib/active_support/dependencies.rb:192:in `block in const_missing'
  activesupport (3.2.4) lib/active_support/dependencies.rb:190:in `each'
  activesupport (3.2.4) lib/active_support/dependencies.rb:190:in `const_missing'
  activesupport (3.2.4) lib/active_support/inflector/methods.rb:229:in `block in constantize'
  activesupport (3.2.4) lib/active_support/inflector/methods.rb:228:in `each'
  activesupport (3.2.4) lib/active_support/inflector/methods.rb:228:in `constantize'
  activesupport (3.2.4) lib/active_support/dependencies.rb:554:in `get'
  actionpack (3.2.4) lib/action_dispatch/routing/route_set.rb:69:in `controller_reference'
  actionpack (3.2.4) lib/action_dispatch/routing/route_set.rb:54:in `controller'
  actionpack (3.2.4) lib/action_dispatch/routing/route_set.rb:32:in `call'
  journey (1.0.4) lib/journey/router.rb:68:in `block in call'
  journey (1.0.4) lib/journey/router.rb:56:in `each'
  journey (1.0.4) lib/journey/router.rb:56:in `call'
  actionpack (3.2.4) lib/action_dispatch/routing/route_set.rb:600:in `call'
  actionpack (3.2.4) lib/action_dispatch/middleware/best_standards_support.rb:17:in `call'
  rack (1.4.1) lib/rack/etag.rb:23:in `call'
  rack (1.4.1) lib/rack/conditionalget.rb:35:in `call'
  actionpack (3.2.4) lib/action_dispatch/middleware/head.rb:14:in `call'
  actionpack (3.2.4) lib/action_dispatch/middleware/params_parser.rb:21:in `call'
  actionpack (3.2.4) lib/action_dispatch/middleware/flash.rb:238:in `call'
  rack (1.4.1) lib/rack/session/abstract/id.rb:205:in `context'
  rack (1.4.1) lib/rack/session/abstract/id.rb:200:in `call'
  actionpack (3.2.4) lib/action_dispatch/middleware/cookies.rb:338:in `call'
  activerecord (3.2.4) lib/active_record/query_cache.rb:64:in `call'
  activerecord (3.2.4) lib/active_record/connection_adapters/abstract/connection_pool.rb:473:in `call'
  actionpack (3.2.4) lib/action_dispatch/middleware/callbacks.rb:28:in `block in call'
  activesupport (3.2.4) lib/active_support/callbacks.rb:405:in `_run__2228698315662888886__call__1431599440874205691__callbacks'
  activesupport (3.2.4) lib/active_support/callbacks.rb:405:in `__run_callback'
  activesupport (3.2.4) lib/active_support/callbacks.rb:385:in `_run_call_callbacks'
  activesupport (3.2.4) lib/active_support/callbacks.rb:81:in `run_callbacks'
  actionpack (3.2.4) lib/action_dispatch/middleware/callbacks.rb:27:in `call'
  actionpack (3.2.4) lib/action_dispatch/middleware/reloader.rb:65:in `call'
  actionpack (3.2.4) lib/action_dispatch/middleware/remote_ip.rb:31:in `call'
  actionpack (3.2.4) lib/action_dispatch/middleware/debug_exceptions.rb:16:in `call'
  actionpack (3.2.4) lib/action_dispatch/middleware/show_exceptions.rb:56:in `call'
  railties (3.2.4) lib/rails/rack/logger.rb:26:in `call_app'
  railties (3.2.4) lib/rails/rack/logger.rb:16:in `call'
  actionpack (3.2.4) lib/action_dispatch/middleware/request_id.rb:22:in `call'
  rack (1.4.1) lib/rack/methodoverride.rb:21:in `call'
  rack (1.4.1) lib/rack/runtime.rb:17:in `call'
  activesupport (3.2.4) lib/active_support/cache/strategy/local_cache.rb:72:in `call'
  rack (1.4.1) lib/rack/lock.rb:15:in `call'
  actionpack (3.2.4) lib/action_dispatch/middleware/static.rb:62:in `call'
  railties (3.2.4) lib/rails/engine.rb:479:in `call'
  railties (3.2.4) lib/rails/application.rb:220:in `call'
  rack (1.4.1) lib/rack/content_length.rb:14:in `call'
  railties (3.2.4) lib/rails/rack/log_tailer.rb:17:in `call'
  rack (1.4.1) lib/rack/handler/webrick.rb:59:in `service'
  /Users/agoldstein/.rvm/rubies/ruby-1.9.2-p180/lib/ruby/1.9.1/webrick/httpserver.rb:111:in `service'
  /Users/agoldstein/.rvm/rubies/ruby-1.9.2-p180/lib/ruby/1.9.1/webrick/httpserver.rb:70:in `run'
  /Users/agoldstein/.rvm/rubies/ruby-1.9.2-p180/lib/ruby/1.9.1/webrick/server.rb:183:in `block in start_thread'


  Rendered /Users/agoldstein/.rvm/gems/ruby-1.9.2-p180/gems/actionpack-3.2.4/lib/action_dispatch/middleware/templates/rescues/_trace.erb (2.6ms)
  Rendered /Users/agoldstein/.rvm/gems/ruby-1.9.2-p180/gems/actionpack-3.2.4/lib/action_dispatch/middleware/templates/rescues/_request_and_response.erb (13.3ms)
  Rendered /Users/agoldstein/.rvm/gems/ruby-1.9.2-p180/gems/actionpack-3.2.4/lib/action_dispatch/middleware/templates/rescues/diagnostics.erb within rescues/layout (39.9ms)


Started GET "/photos/new" for 127.0.0.1 at 2012-06-21 14:10:56 -0400
Processing by PhotosController#new as HTML
  Rendered photos/new.html.erb within layouts/application (14.9ms)
Completed 200 OK in 22ms (Views: 21.1ms | ActiveRecord: 0.0ms)


Started GET "/assets/jquery.js?body=1" for 127.0.0.1 at 2012-06-21 14:10:56 -0400
Served asset /jquery.js - 304 Not Modified (0ms)


Started GET "/assets/webcam.js?body=1" for 127.0.0.1 at 2012-06-21 14:10:56 -0400
Served asset /webcam.js - 304 Not Modified (0ms)


Started GET "/assets/application.css?body=1" for 127.0.0.1 at 2012-06-21 14:10:56 -0400
Served asset /application.css - 304 Not Modified (0ms)


Started GET "/assets/jquery_ujs.js?body=1" for 127.0.0.1 at 2012-06-21 14:10:56 -0400
Served asset /jquery_ujs.js - 304 Not Modified (0ms)


Started GET "/assets/application.js?body=1" for 127.0.0.1 at 2012-06-21 14:10:56 -0400
Served asset /application.js - 304 Not Modified (0ms)


Started POST "/photos/upload?authenticity_token=qcrAlnKtuULMAk9f7urbiaFSMIy3E8ZvGzGlKI3VdFE=" for 127.0.0.1 at 2012-06-21 14:11:10 -0400
Processing by PhotosController#upload as HTML
  Parameters: {"authenticity_token"=>"qcrAlnKtuULMAk9f7urbiaFSMIy3E8ZvGzGlKI3VdFE="}
Completed 500 Internal Server Error in 1ms

Encoding::UndefinedConversionError ("\xFF" from ASCII-8BIT to UTF-8):
  app/controllers/photos_controller.rb:32:in `write'
  app/controllers/photos_controller.rb:32:in `block in upload'
  app/controllers/photos_controller.rb:31:in `open'
  app/controllers/photos_controller.rb:31:in `upload'


  Rendered /Users/agoldstein/.rvm/gems/ruby-1.9.2-p180/gems/actionpack-3.2.4/lib/action_dispatch/middleware/templates/rescues/_trace.erb (2.8ms)
  Rendered /Users/agoldstein/.rvm/gems/ruby-1.9.2-p180/gems/actionpack-3.2.4/lib/action_dispatch/middleware/templates/rescues/_request_and_response.erb (1.2ms)
  Rendered /Users/agoldstein/.rvm/gems/ruby-1.9.2-p180/gems/actionpack-3.2.4/lib/action_dispatch/middleware/templates/rescues/diagnostics.erb within rescues/layout (9.6ms)


Started GET "/photos/new" for 127.0.0.1 at 2012-06-21 14:13:08 -0400
Processing by PhotosController#new as HTML
  Rendered photos/new.html.erb within layouts/application (11.0ms)
Completed 200 OK in 16ms (Views: 15.6ms | ActiveRecord: 0.0ms)


Started GET "/assets/application.css?body=1" for 127.0.0.1 at 2012-06-21 14:13:08 -0400
Served asset /application.css - 304 Not Modified (0ms)


Started GET "/assets/jquery.js?body=1" for 127.0.0.1 at 2012-06-21 14:13:08 -0400
Served asset /jquery.js - 304 Not Modified (0ms)


Started GET "/assets/jquery_ujs.js?body=1" for 127.0.0.1 at 2012-06-21 14:13:08 -0400
Served asset /jquery_ujs.js - 304 Not Modified (0ms)


Started GET "/assets/webcam.js?body=1" for 127.0.0.1 at 2012-06-21 14:13:08 -0400
Served asset /webcam.js - 304 Not Modified (0ms)


Started GET "/assets/application.js?body=1" for 127.0.0.1 at 2012-06-21 14:13:08 -0400
Served asset /application.js - 304 Not Modified (0ms)


Started POST "/photos/upload?authenticity_token=qcrAlnKtuULMAk9f7urbiaFSMIy3E8ZvGzGlKI3VdFE=" for 127.0.0.1 at 2012-06-21 14:13:17 -0400
Processing by PhotosController#upload as HTML
  Parameters: {"authenticity_token"=>"qcrAlnKtuULMAk9f7urbiaFSMIy3E8ZvGzGlKI3VdFE="}
Completed 500 Internal Server Error in 137ms

NoMethodError (undefined method `with' for #<PhotosController:0x0000010496dc00>):
  app/controllers/photos_controller.rb:32:in `block in upload'
  app/controllers/photos_controller.rb:31:in `open'
  app/controllers/photos_controller.rb:31:in `upload'


  Rendered /Users/agoldstein/.rvm/gems/ruby-1.9.2-p180/gems/actionpack-3.2.4/lib/action_dispatch/middleware/templates/rescues/_trace.erb (2.9ms)
  Rendered /Users/agoldstein/.rvm/gems/ruby-1.9.2-p180/gems/actionpack-3.2.4/lib/action_dispatch/middleware/templates/rescues/_request_and_response.erb (1.1ms)
  Rendered /Users/agoldstein/.rvm/gems/ruby-1.9.2-p180/gems/actionpack-3.2.4/lib/action_dispatch/middleware/templates/rescues/diagnostics.erb within rescues/layout (9.9ms)


Started GET "/photos/new" for 127.0.0.1 at 2012-06-21 14:13:31 -0400
Processing by PhotosController#new as HTML
  Rendered photos/new.html.erb within layouts/application (9.9ms)
Completed 200 OK in 15ms (Views: 14.2ms | ActiveRecord: 0.0ms)


Started GET "/assets/application.css?body=1" for 127.0.0.1 at 2012-06-21 14:13:31 -0400
Served asset /application.css - 304 Not Modified (0ms)


Started GET "/assets/jquery.js?body=1" for 127.0.0.1 at 2012-06-21 14:13:31 -0400
Served asset /jquery.js - 304 Not Modified (0ms)


Started GET "/assets/jquery_ujs.js?body=1" for 127.0.0.1 at 2012-06-21 14:13:31 -0400
Served asset /jquery_ujs.js - 304 Not Modified (0ms)


Started GET "/assets/application.js?body=1" for 127.0.0.1 at 2012-06-21 14:13:31 -0400
Served asset /application.js - 304 Not Modified (0ms)


Started GET "/assets/webcam.js?body=1" for 127.0.0.1 at 2012-06-21 14:13:31 -0400
Served asset /webcam.js - 304 Not Modified (0ms)


Started POST "/photos/upload?authenticity_token=qcrAlnKtuULMAk9f7urbiaFSMIy3E8ZvGzGlKI3VdFE=" for 127.0.0.1 at 2012-06-21 14:13:37 -0400
Processing by PhotosController#upload as HTML
  Parameters: {"authenticity_token"=>"qcrAlnKtuULMAk9f7urbiaFSMIy3E8ZvGzGlKI3VdFE="}
  Rendered text template (0.0ms)
Completed 200 OK in 470ms (Views: 467.2ms | ActiveRecord: 0.0ms)


Started POST "/photos" for 127.0.0.1 at 2012-06-21 14:13:45 -0400
Processing by PhotosController#create as HTML
  Parameters: {"utf8"=>"✓", "authenticity_token"=>"qcrAlnKtuULMAk9f7urbiaFSMIy3E8ZvGzGlKI3VdFE=", "photo"=>{"description"=>"Blah"}, "commit"=>"Save the photo"}
[32mCommand[0m :: identify -format %wx%h '/var/folders/F6/F6fXozKAEqKOOeqmpqtc0E+++TI/-Tmp-/stream20120621-59453-1341iwg.jpg[0]'
[paperclip] An error was received while processing: #<Paperclip::CommandNotFoundError: Could not run the `identify` command. Please install ImageMagick.>
[32mCommand[0m :: identify -format %wx%h '/var/folders/F6/F6fXozKAEqKOOeqmpqtc0E+++TI/-Tmp-/stream20120621-59453-1341iwg.jpg[0]'
[paperclip] An error was received while processing: #<Paperclip::CommandNotFoundError: Could not run the `identify` command. Please install ImageMagick.>
  [1m[36m (0.4ms)[0m  [1mbegin transaction[0m
  [1m[35m (0.1ms)[0m  rollback transaction
Redirected to 
Completed 500 Internal Server Error in 10539ms

NoMethodError (undefined method `create_url' for #<PhotosController:0x00000102667da0>):
  app/controllers/photos_controller.rb:10:in `create'


  Rendered /Users/agoldstein/.rvm/gems/ruby-1.9.2-p180/gems/actionpack-3.2.4/lib/action_dispatch/middleware/templates/rescues/_trace.erb (3.1ms)
  Rendered /Users/agoldstein/.rvm/gems/ruby-1.9.2-p180/gems/actionpack-3.2.4/lib/action_dispatch/middleware/templates/rescues/_request_and_response.erb (1.4ms)
  Rendered /Users/agoldstein/.rvm/gems/ruby-1.9.2-p180/gems/actionpack-3.2.4/lib/action_dispatch/middleware/templates/rescues/diagnostics.erb within rescues/layout (10.4ms)


Started GET "/photos/new" for 127.0.0.1 at 2012-06-21 14:53:13 -0400
Processing by PhotosController#new as HTML
  Rendered photos/new.html.erb within layouts/application (4.6ms)
Completed 200 OK in 58ms (Views: 57.7ms | ActiveRecord: 0.0ms)


Started GET "/assets/application.css?body=1" for 127.0.0.1 at 2012-06-21 14:53:13 -0400
Served asset /application.css - 304 Not Modified (0ms)


Started GET "/assets/jquery_ujs.js?body=1" for 127.0.0.1 at 2012-06-21 14:53:13 -0400
Served asset /jquery_ujs.js - 304 Not Modified (0ms)


Started GET "/assets/jquery.js?body=1" for 127.0.0.1 at 2012-06-21 14:53:13 -0400
Served asset /jquery.js - 304 Not Modified (0ms)


Started GET "/assets/webcam.js?body=1" for 127.0.0.1 at 2012-06-21 14:53:13 -0400
Served asset /webcam.js - 304 Not Modified (0ms)


Started GET "/assets/application.js?body=1" for 127.0.0.1 at 2012-06-21 14:53:13 -0400
Served asset /application.js - 304 Not Modified (0ms)


Started GET "/photos/new" for 127.0.0.1 at 2012-06-21 14:54:25 -0400
Connecting to database specified by database.yml
Processing by PhotosController#new as HTML
  Rendered photos/new.html.erb within layouts/application (119.6ms)
Completed 200 OK in 272ms (Views: 271.9ms | ActiveRecord: 0.0ms)


Started GET "/assets/application.css?body=1" for 127.0.0.1 at 2012-06-21 14:54:26 -0400
Served asset /application.css - 304 Not Modified (4ms)


Started GET "/assets/jquery_ujs.js?body=1" for 127.0.0.1 at 2012-06-21 14:54:26 -0400
Served asset /jquery_ujs.js - 304 Not Modified (2ms)


Started GET "/assets/application.js?body=1" for 127.0.0.1 at 2012-06-21 14:54:26 -0400
Served asset /application.js - 304 Not Modified (10ms)


Started GET "/assets/webcam.js?body=1" for 127.0.0.1 at 2012-06-21 14:54:26 -0400
Served asset /webcam.js - 304 Not Modified (4ms)


Started GET "/assets/jquery.js?body=1" for 127.0.0.1 at 2012-06-21 14:54:26 -0400
Served asset /jquery.js - 304 Not Modified (3ms)


Started POST "/photos/upload?authenticity_token=qcrAlnKtuULMAk9f7urbiaFSMIy3E8ZvGzGlKI3VdFE=" for 127.0.0.1 at 2012-06-21 14:54:33 -0400
Processing by PhotosController#upload as HTML
  Parameters: {"authenticity_token"=>"qcrAlnKtuULMAk9f7urbiaFSMIy3E8ZvGzGlKI3VdFE="}
  Rendered text template (0.0ms)
Completed 200 OK in 39ms (Views: 36.2ms | ActiveRecord: 0.0ms)


Started POST "/photos" for 127.0.0.1 at 2012-06-21 14:54:36 -0400
Processing by PhotosController#create as HTML
  Parameters: {"utf8"=>"✓", "authenticity_token"=>"qcrAlnKtuULMAk9f7urbiaFSMIy3E8ZvGzGlKI3VdFE=", "photo"=>{"description"=>"feaw"}, "commit"=>"Save the photo"}
[32mCommand[0m :: identify -format %wx%h '/var/folders/F6/F6fXozKAEqKOOeqmpqtc0E+++TI/-Tmp-/stream20120621-38465-7zn1so.jpg[0]'
[32mCommand[0m :: convert '/var/folders/F6/F6fXozKAEqKOOeqmpqtc0E+++TI/-Tmp-/stream20120621-38465-7zn1so.jpg[0]' -resize "300x300>" '/var/folders/F6/F6fXozKAEqKOOeqmpqtc0E+++TI/-Tmp-/stream20120621-38465-7zn1so20120621-38465-1wuthza'
[32mCommand[0m :: identify -format %wx%h '/var/folders/F6/F6fXozKAEqKOOeqmpqtc0E+++TI/-Tmp-/stream20120621-38465-7zn1so.jpg[0]'
[32mCommand[0m :: convert '/var/folders/F6/F6fXozKAEqKOOeqmpqtc0E+++TI/-Tmp-/stream20120621-38465-7zn1so.jpg[0]' -resize "100x100>" '/var/folders/F6/F6fXozKAEqKOOeqmpqtc0E+++TI/-Tmp-/stream20120621-38465-7zn1so20120621-38465-2cuqt1'
  [1m[36m (0.9ms)[0m  [1mbegin transaction[0m
  [1m[35mSQL (127.7ms)[0m  INSERT INTO "photos" ("created_at", "description", "image_content_type", "image_file_name", "image_file_size", "image_updated_at", "updated_at") VALUES (?, ?, ?, ?, ?, ?, ?)  [["created_at", Thu, 21 Jun 2012 18:54:36 UTC +00:00], ["description", "butterfly"], ["image_content_type", "image/jpeg"], ["image_file_name", "8e0f51038e0e2189ccd8276d756953c7.jpg"], ["image_file_size", 107427], ["image_updated_at", Thu, 21 Jun 2012 18:54:36 UTC +00:00], ["updated_at", Thu, 21 Jun 2012 18:54:36 UTC +00:00]]
[paperclip] Saving attachments.
[paperclip] saving /Users/agoldstein/Workspace/personal/webcam_app/public/system/images/1/original/8e0f51038e0e2189ccd8276d756953c7.jpg
[paperclip] saving /Users/agoldstein/Workspace/personal/webcam_app/public/system/images/1/medium/8e0f51038e0e2189ccd8276d756953c7.jpg
[paperclip] saving /Users/agoldstein/Workspace/personal/webcam_app/public/system/images/1/thumb/8e0f51038e0e2189ccd8276d756953c7.jpg
  [1m[36m (3.9ms)[0m  [1mcommit transaction[0m
Redirected to 
Completed 500 Internal Server Error in 8669ms

NoMethodError (undefined method `create_url' for #<PhotosController:0x00000101c2d9e8>):
  app/controllers/photos_controller.rb:10:in `create'


  Rendered /Users/agoldstein/.rvm/gems/ruby-1.9.2-p180/gems/actionpack-3.2.4/lib/action_dispatch/middleware/templates/rescues/_trace.erb (3.2ms)
  Rendered /Users/agoldstein/.rvm/gems/ruby-1.9.2-p180/gems/actionpack-3.2.4/lib/action_dispatch/middleware/templates/rescues/_request_and_response.erb (1.4ms)
  Rendered /Users/agoldstein/.rvm/gems/ruby-1.9.2-p180/gems/actionpack-3.2.4/lib/action_dispatch/middleware/templates/rescues/diagnostics.erb within rescues/layout (15.0ms)


Started POST "/photos" for 127.0.0.1 at 2012-06-21 14:54:45 -0400
Processing by PhotosController#create as HTML
  Parameters: {"utf8"=>"✓", "authenticity_token"=>"qcrAlnKtuULMAk9f7urbiaFSMIy3E8ZvGzGlKI3VdFE=", "photo"=>{"description"=>"feaw"}, "commit"=>"Save the photo"}
[32mCommand[0m :: identify -format %wx%h '/var/folders/F6/F6fXozKAEqKOOeqmpqtc0E+++TI/-Tmp-/stream20120621-38465-ppn1oi.jpg[0]'
[32mCommand[0m :: convert '/var/folders/F6/F6fXozKAEqKOOeqmpqtc0E+++TI/-Tmp-/stream20120621-38465-ppn1oi.jpg[0]' -resize "300x300>" '/var/folders/F6/F6fXozKAEqKOOeqmpqtc0E+++TI/-Tmp-/stream20120621-38465-ppn1oi20120621-38465-1078i7n'
[32mCommand[0m :: identify -format %wx%h '/var/folders/F6/F6fXozKAEqKOOeqmpqtc0E+++TI/-Tmp-/stream20120621-38465-ppn1oi.jpg[0]'
[32mCommand[0m :: convert '/var/folders/F6/F6fXozKAEqKOOeqmpqtc0E+++TI/-Tmp-/stream20120621-38465-ppn1oi.jpg[0]' -resize "100x100>" '/var/folders/F6/F6fXozKAEqKOOeqmpqtc0E+++TI/-Tmp-/stream20120621-38465-ppn1oi20120621-38465-8c84fq'
  [1m[35m (1.3ms)[0m  begin transaction
  [1m[36mSQL (1.4ms)[0m  [1mINSERT INTO "photos" ("created_at", "description", "image_content_type", "image_file_name", "image_file_size", "image_updated_at", "updated_at") VALUES (?, ?, ?, ?, ?, ?, ?)[0m  [["created_at", Thu, 21 Jun 2012 18:54:45 UTC +00:00], ["description", "butterfly"], ["image_content_type", "image/jpeg"], ["image_file_name", "8e0f51038e0e2189ccd8276d756953c7.jpg"], ["image_file_size", 107427], ["image_updated_at", Thu, 21 Jun 2012 18:54:45 UTC +00:00], ["updated_at", Thu, 21 Jun 2012 18:54:45 UTC +00:00]]
[paperclip] Saving attachments.
[paperclip] saving /Users/agoldstein/Workspace/personal/webcam_app/public/system/images/2/original/8e0f51038e0e2189ccd8276d756953c7.jpg
[paperclip] saving /Users/agoldstein/Workspace/personal/webcam_app/public/system/images/2/medium/8e0f51038e0e2189ccd8276d756953c7.jpg
[paperclip] saving /Users/agoldstein/Workspace/personal/webcam_app/public/system/images/2/thumb/8e0f51038e0e2189ccd8276d756953c7.jpg
  [1m[35m (3.4ms)[0m  commit transaction
Redirected to 
Completed 500 Internal Server Error in 18752ms

NoMethodError (undefined method `create_url' for #<PhotosController:0x00000102db75b0>):
  app/controllers/photos_controller.rb:10:in `create'


  Rendered /Users/agoldstein/.rvm/gems/ruby-1.9.2-p180/gems/actionpack-3.2.4/lib/action_dispatch/middleware/templates/rescues/_trace.erb (3.9ms)
  Rendered /Users/agoldstein/.rvm/gems/ruby-1.9.2-p180/gems/actionpack-3.2.4/lib/action_dispatch/middleware/templates/rescues/_request_and_response.erb (1.9ms)
  Rendered /Users/agoldstein/.rvm/gems/ruby-1.9.2-p180/gems/actionpack-3.2.4/lib/action_dispatch/middleware/templates/rescues/diagnostics.erb within rescues/layout (12.4ms)


Started GET "/new" for 127.0.0.1 at 2012-06-21 14:55:16 -0400

ActionController::RoutingError (No route matches [GET] "/new"):
  actionpack (3.2.4) lib/action_dispatch/middleware/debug_exceptions.rb:21:in `call'
  actionpack (3.2.4) lib/action_dispatch/middleware/show_exceptions.rb:56:in `call'
  railties (3.2.4) lib/rails/rack/logger.rb:26:in `call_app'
  railties (3.2.4) lib/rails/rack/logger.rb:16:in `call'
  actionpack (3.2.4) lib/action_dispatch/middleware/request_id.rb:22:in `call'
  rack (1.4.1) lib/rack/methodoverride.rb:21:in `call'
  rack (1.4.1) lib/rack/runtime.rb:17:in `call'
  activesupport (3.2.4) lib/active_support/cache/strategy/local_cache.rb:72:in `call'
  rack (1.4.1) lib/rack/lock.rb:15:in `call'
  actionpack (3.2.4) lib/action_dispatch/middleware/static.rb:62:in `call'
  railties (3.2.4) lib/rails/engine.rb:479:in `call'
  railties (3.2.4) lib/rails/application.rb:220:in `call'
  rack (1.4.1) lib/rack/content_length.rb:14:in `call'
  railties (3.2.4) lib/rails/rack/log_tailer.rb:17:in `call'
  rack (1.4.1) lib/rack/handler/webrick.rb:59:in `service'
  /Users/agoldstein/.rvm/rubies/ruby-1.9.2-p180/lib/ruby/1.9.1/webrick/httpserver.rb:111:in `service'
  /Users/agoldstein/.rvm/rubies/ruby-1.9.2-p180/lib/ruby/1.9.1/webrick/httpserver.rb:70:in `run'
  /Users/agoldstein/.rvm/rubies/ruby-1.9.2-p180/lib/ruby/1.9.1/webrick/server.rb:183:in `block in start_thread'


  Rendered /Users/agoldstein/.rvm/gems/ruby-1.9.2-p180/gems/actionpack-3.2.4/lib/action_dispatch/middleware/templates/rescues/routing_error.erb within rescues/layout (0.6ms)


Started GET "/photos/new" for 127.0.0.1 at 2012-06-21 14:55:22 -0400
Processing by PhotosController#new as HTML
  Rendered photos/new.html.erb within layouts/application (12.2ms)
Completed 200 OK in 22ms (Views: 17.7ms | ActiveRecord: 0.0ms)


Started GET "/assets/application.css?body=1" for 127.0.0.1 at 2012-06-21 14:55:22 -0400
Served asset /application.css - 304 Not Modified (0ms)


Started GET "/assets/jquery_ujs.js?body=1" for 127.0.0.1 at 2012-06-21 14:55:22 -0400
Served asset /jquery_ujs.js - 304 Not Modified (0ms)


Started GET "/assets/jquery.js?body=1" for 127.0.0.1 at 2012-06-21 14:55:22 -0400
Served asset /jquery.js - 304 Not Modified (0ms)


Started GET "/assets/application.js?body=1" for 127.0.0.1 at 2012-06-21 14:55:22 -0400
Served asset /application.js - 304 Not Modified (0ms)


Started GET "/assets/webcam.js?body=1" for 127.0.0.1 at 2012-06-21 14:55:22 -0400
Served asset /webcam.js - 304 Not Modified (0ms)


Started POST "/photos/upload?authenticity_token=qcrAlnKtuULMAk9f7urbiaFSMIy3E8ZvGzGlKI3VdFE=" for 127.0.0.1 at 2012-06-21 14:55:34 -0400
Processing by PhotosController#upload as HTML
  Parameters: {"authenticity_token"=>"qcrAlnKtuULMAk9f7urbiaFSMIy3E8ZvGzGlKI3VdFE="}
  Rendered text template (0.0ms)
Completed 200 OK in 2ms (Views: 0.6ms | ActiveRecord: 0.0ms)


Started POST "/photos" for 127.0.0.1 at 2012-06-21 14:55:37 -0400
Processing by PhotosController#create as HTML
  Parameters: {"utf8"=>"✓", "authenticity_token"=>"qcrAlnKtuULMAk9f7urbiaFSMIy3E8ZvGzGlKI3VdFE=", "photo"=>{"description"=>"dea"}, "commit"=>"Save the photo"}
[32mCommand[0m :: identify -format %wx%h '/var/folders/F6/F6fXozKAEqKOOeqmpqtc0E+++TI/-Tmp-/stream20120621-38465-sgq8ty.jpg[0]'
[32mCommand[0m :: convert '/var/folders/F6/F6fXozKAEqKOOeqmpqtc0E+++TI/-Tmp-/stream20120621-38465-sgq8ty.jpg[0]' -resize "300x300>" '/var/folders/F6/F6fXozKAEqKOOeqmpqtc0E+++TI/-Tmp-/stream20120621-38465-sgq8ty20120621-38465-z7svxx'
[32mCommand[0m :: identify -format %wx%h '/var/folders/F6/F6fXozKAEqKOOeqmpqtc0E+++TI/-Tmp-/stream20120621-38465-sgq8ty.jpg[0]'
[32mCommand[0m :: convert '/var/folders/F6/F6fXozKAEqKOOeqmpqtc0E+++TI/-Tmp-/stream20120621-38465-sgq8ty.jpg[0]' -resize "100x100>" '/var/folders/F6/F6fXozKAEqKOOeqmpqtc0E+++TI/-Tmp-/stream20120621-38465-sgq8ty20120621-38465-1qdmti5'
  [1m[36m (0.8ms)[0m  [1mbegin transaction[0m
  [1m[35mSQL (0.9ms)[0m  INSERT INTO "photos" ("created_at", "description", "image_content_type", "image_file_name", "image_file_size", "image_updated_at", "updated_at") VALUES (?, ?, ?, ?, ?, ?, ?)  [["created_at", Thu, 21 Jun 2012 18:55:37 UTC +00:00], ["description", "squid"], ["image_content_type", "image/jpeg"], ["image_file_name", "8e0f51038e0e2189ccd8276d756953c7.jpg"], ["image_file_size", 108760], ["image_updated_at", Thu, 21 Jun 2012 18:55:37 UTC +00:00], ["updated_at", Thu, 21 Jun 2012 18:55:37 UTC +00:00]]
[paperclip] Saving attachments.
[paperclip] saving /Users/agoldstein/Workspace/personal/webcam_app/public/system/images/3/original/8e0f51038e0e2189ccd8276d756953c7.jpg
[paperclip] saving /Users/agoldstein/Workspace/personal/webcam_app/public/system/images/3/medium/8e0f51038e0e2189ccd8276d756953c7.jpg
[paperclip] saving /Users/agoldstein/Workspace/personal/webcam_app/public/system/images/3/thumb/8e0f51038e0e2189ccd8276d756953c7.jpg
  [1m[36m (2.4ms)[0m  [1mcommit transaction[0m
Redirected to 
Completed 500 Internal Server Error in 3499ms

NoMethodError (undefined method `new_url' for #<PhotosController:0x00000102cb1b48>):
  app/controllers/photos_controller.rb:10:in `create'


  Rendered /Users/agoldstein/.rvm/gems/ruby-1.9.2-p180/gems/actionpack-3.2.4/lib/action_dispatch/middleware/templates/rescues/_trace.erb (84.2ms)
  Rendered /Users/agoldstein/.rvm/gems/ruby-1.9.2-p180/gems/actionpack-3.2.4/lib/action_dispatch/middleware/templates/rescues/_request_and_response.erb (1.4ms)
  Rendered /Users/agoldstein/.rvm/gems/ruby-1.9.2-p180/gems/actionpack-3.2.4/lib/action_dispatch/middleware/templates/rescues/diagnostics.erb within rescues/layout (92.7ms)


Started POST "/photos/upload?authenticity_token=qcrAlnKtuULMAk9f7urbiaFSMIy3E8ZvGzGlKI3VdFE=" for 127.0.0.1 at 2012-06-21 14:56:18 -0400
Processing by PhotosController#upload as HTML
  Parameters: {"authenticity_token"=>"qcrAlnKtuULMAk9f7urbiaFSMIy3E8ZvGzGlKI3VdFE="}
  Rendered text template (0.0ms)
Completed 200 OK in 3ms (Views: 1.2ms | ActiveRecord: 0.0ms)


Started POST "/photos" for 127.0.0.1 at 2012-06-21 14:56:29 -0400
Processing by PhotosController#create as HTML
  Parameters: {"utf8"=>"✓", "authenticity_token"=>"qcrAlnKtuULMAk9f7urbiaFSMIy3E8ZvGzGlKI3VdFE=", "photo"=>{"description"=>"dea"}, "commit"=>"Save the photo"}
[32mCommand[0m :: identify -format %wx%h '/var/folders/F6/F6fXozKAEqKOOeqmpqtc0E+++TI/-Tmp-/stream20120621-38465-ydzl2z.jpg[0]'
[32mCommand[0m :: convert '/var/folders/F6/F6fXozKAEqKOOeqmpqtc0E+++TI/-Tmp-/stream20120621-38465-ydzl2z.jpg[0]' -resize "300x300>" '/var/folders/F6/F6fXozKAEqKOOeqmpqtc0E+++TI/-Tmp-/stream20120621-38465-ydzl2z20120621-38465-1tbmoxa'
[32mCommand[0m :: identify -format %wx%h '/var/folders/F6/F6fXozKAEqKOOeqmpqtc0E+++TI/-Tmp-/stream20120621-38465-ydzl2z.jpg[0]'
[32mCommand[0m :: convert '/var/folders/F6/F6fXozKAEqKOOeqmpqtc0E+++TI/-Tmp-/stream20120621-38465-ydzl2z.jpg[0]' -resize "100x100>" '/var/folders/F6/F6fXozKAEqKOOeqmpqtc0E+++TI/-Tmp-/stream20120621-38465-ydzl2z20120621-38465-1mcfzux'
  [1m[35m (0.6ms)[0m  begin transaction
  [1m[36mSQL (0.9ms)[0m  [1mINSERT INTO "photos" ("created_at", "description", "image_content_type", "image_file_name", "image_file_size", "image_updated_at", "updated_at") VALUES (?, ?, ?, ?, ?, ?, ?)[0m  [["created_at", Thu, 21 Jun 2012 18:56:29 UTC +00:00], ["description", "squid"], ["image_content_type", "image/jpeg"], ["image_file_name", "8e0f51038e0e2189ccd8276d756953c7.jpg"], ["image_file_size", 108572], ["image_updated_at", Thu, 21 Jun 2012 18:56:29 UTC +00:00], ["updated_at", Thu, 21 Jun 2012 18:56:29 UTC +00:00]]
[paperclip] Saving attachments.
[paperclip] saving /Users/agoldstein/Workspace/personal/webcam_app/public/system/images/4/original/8e0f51038e0e2189ccd8276d756953c7.jpg
[paperclip] saving /Users/agoldstein/Workspace/personal/webcam_app/public/system/images/4/medium/8e0f51038e0e2189ccd8276d756953c7.jpg
[paperclip] saving /Users/agoldstein/Workspace/personal/webcam_app/public/system/images/4/thumb/8e0f51038e0e2189ccd8276d756953c7.jpg
  [1m[35m (1.3ms)[0m  commit transaction
Redirected to http://localhost:3000/photos/new
Completed 302 Found in 2011ms (ActiveRecord: 2.8ms)


Started GET "/photos/new" for 127.0.0.1 at 2012-06-21 14:56:31 -0400
Processing by PhotosController#new as HTML
  Rendered photos/new.html.erb within layouts/application (5.0ms)
Completed 200 OK in 11ms (Views: 10.5ms | ActiveRecord: 0.0ms)


Started GET "/assets/application.css?body=1" for 127.0.0.1 at 2012-06-21 14:56:31 -0400
Served asset /application.css - 304 Not Modified (0ms)


Started GET "/assets/jquery_ujs.js?body=1" for 127.0.0.1 at 2012-06-21 14:56:31 -0400
Served asset /jquery_ujs.js - 304 Not Modified (0ms)


Started GET "/assets/jquery.js?body=1" for 127.0.0.1 at 2012-06-21 14:56:31 -0400
Served asset /jquery.js - 304 Not Modified (0ms)


Started GET "/assets/webcam.js?body=1" for 127.0.0.1 at 2012-06-21 14:56:31 -0400
Served asset /webcam.js - 304 Not Modified (0ms)


Started GET "/assets/application.js?body=1" for 127.0.0.1 at 2012-06-21 14:56:31 -0400
Served asset /application.js - 304 Not Modified (0ms)


Started GET "/photos/new" for 127.0.0.1 at 2012-06-21 14:56:41 -0400
Processing by PhotosController#new as HTML
  [1m[36mPhoto Load (0.4ms)[0m  [1mSELECT "photos".* FROM "photos" [0m
  Rendered photos/new.html.erb within layouts/application (3.4ms)
Completed 200 OK in 402191ms (Views: 7.9ms | ActiveRecord: 0.4ms)


Started GET "/assets/jquery.js?body=1" for 127.0.0.1 at 2012-06-21 15:03:24 -0400
Served asset /jquery.js - 304 Not Modified (0ms)


Started GET "/assets/jquery_ujs.js?body=1" for 127.0.0.1 at 2012-06-21 15:03:24 -0400
Served asset /jquery_ujs.js - 304 Not Modified (0ms)


Started GET "/assets/application.css?body=1" for 127.0.0.1 at 2012-06-21 15:03:24 -0400
Served asset /application.css - 304 Not Modified (0ms)


Started GET "/assets/webcam.js?body=1" for 127.0.0.1 at 2012-06-21 15:03:24 -0400
Served asset /webcam.js - 304 Not Modified (0ms)


Started GET "/assets/application.js?body=1" for 127.0.0.1 at 2012-06-21 15:03:24 -0400
Served asset /application.js - 304 Not Modified (0ms)


Started GET "/photos/" for 127.0.0.1 at 2012-06-21 15:03:44 -0400
Processing by PhotosController#index as HTML
  [1m[35mPhoto Load (0.4ms)[0m  SELECT "photos".* FROM "photos" 
  Rendered photos/index.html.erb within layouts/application (71.8ms)
Completed 200 OK in 4674ms (Views: 97.0ms | ActiveRecord: 0.4ms)


Started GET "/assets/application.css?body=1" for 127.0.0.1 at 2012-06-21 15:03:49 -0400
Served asset /application.css - 304 Not Modified (0ms)


Started GET "/assets/webcam.js?body=1" for 127.0.0.1 at 2012-06-21 15:03:49 -0400
Served asset /webcam.js - 304 Not Modified (0ms)


Started GET "/assets/jquery.js?body=1" for 127.0.0.1 at 2012-06-21 15:03:49 -0400
Served asset /jquery.js - 304 Not Modified (0ms)


Started GET "/assets/jquery_ujs.js?body=1" for 127.0.0.1 at 2012-06-21 15:03:49 -0400
Served asset /jquery_ujs.js - 304 Not Modified (0ms)


Started GET "/assets/application.js?body=1" for 127.0.0.1 at 2012-06-21 15:03:49 -0400
Served asset /application.js - 304 Not Modified (0ms)


Started GET "/photos/1" for 127.0.0.1 at 2012-06-21 15:03:58 -0400
Processing by PhotosController#show as HTML
  Parameters: {"id"=>"1"}
  [1m[36mPhoto Load (0.3ms)[0m  [1mSELECT "photos".* FROM "photos" WHERE "photos"."id" = ? LIMIT 1[0m  [["id", "1"]]
  Rendered photos/show.html.erb within layouts/application (2.6ms)
Completed 200 OK in 31ms (Views: 27.9ms | ActiveRecord: 0.3ms)


Started GET "/assets/jquery.js?body=1" for 127.0.0.1 at 2012-06-21 15:03:58 -0400
Served asset /jquery.js - 304 Not Modified (0ms)


Started GET "/assets/jquery_ujs.js?body=1" for 127.0.0.1 at 2012-06-21 15:03:58 -0400
Served asset /jquery_ujs.js - 304 Not Modified (0ms)


Started GET "/assets/application.css?body=1" for 127.0.0.1 at 2012-06-21 15:03:58 -0400
Served asset /application.css - 304 Not Modified (0ms)


Started GET "/assets/webcam.js?body=1" for 127.0.0.1 at 2012-06-21 15:03:58 -0400
Served asset /webcam.js - 304 Not Modified (0ms)


Started GET "/assets/application.js?body=1" for 127.0.0.1 at 2012-06-21 15:03:58 -0400
Served asset /application.js - 304 Not Modified (0ms)


Started GET "/photos/2" for 127.0.0.1 at 2012-06-21 15:04:00 -0400
Processing by PhotosController#show as HTML
  Parameters: {"id"=>"2"}
  [1m[35mPhoto Load (0.1ms)[0m  SELECT "photos".* FROM "photos" WHERE "photos"."id" = ? LIMIT 1  [["id", "2"]]
  Rendered photos/show.html.erb within layouts/application (1.7ms)
Completed 200 OK in 9ms (Views: 7.1ms | ActiveRecord: 0.1ms)


Started GET "/assets/jquery_ujs.js?body=1" for 127.0.0.1 at 2012-06-21 15:04:00 -0400
Served asset /jquery_ujs.js - 304 Not Modified (0ms)


Started GET "/assets/application.js?body=1" for 127.0.0.1 at 2012-06-21 15:04:00 -0400
Served asset /application.js - 304 Not Modified (0ms)


Started GET "/assets/application.css?body=1" for 127.0.0.1 at 2012-06-21 15:04:00 -0400
Served asset /application.css - 304 Not Modified (0ms)


Started GET "/assets/jquery.js?body=1" for 127.0.0.1 at 2012-06-21 15:04:00 -0400
Served asset /jquery.js - 304 Not Modified (0ms)


Started GET "/assets/webcam.js?body=1" for 127.0.0.1 at 2012-06-21 15:04:00 -0400
Served asset /webcam.js - 304 Not Modified (0ms)


Started GET "/photos/3" for 127.0.0.1 at 2012-06-21 15:04:02 -0400
Processing by PhotosController#show as HTML
  Parameters: {"id"=>"3"}
  [1m[36mPhoto Load (0.1ms)[0m  [1mSELECT "photos".* FROM "photos" WHERE "photos"."id" = ? LIMIT 1[0m  [["id", "3"]]
  Rendered photos/show.html.erb within layouts/application (2.0ms)
Completed 200 OK in 8ms (Views: 6.6ms | ActiveRecord: 0.1ms)


Started GET "/assets/jquery.js?body=1" for 127.0.0.1 at 2012-06-21 15:04:02 -0400
Served asset /jquery.js - 304 Not Modified (0ms)


Started GET "/assets/application.css?body=1" for 127.0.0.1 at 2012-06-21 15:04:02 -0400
Served asset /application.css - 304 Not Modified (0ms)


Started GET "/assets/jquery_ujs.js?body=1" for 127.0.0.1 at 2012-06-21 15:04:02 -0400
Served asset /jquery_ujs.js - 304 Not Modified (0ms)


Started GET "/assets/webcam.js?body=1" for 127.0.0.1 at 2012-06-21 15:04:02 -0400
Served asset /webcam.js - 304 Not Modified (0ms)


Started GET "/assets/application.js?body=1" for 127.0.0.1 at 2012-06-21 15:04:02 -0400
Served asset /application.js - 304 Not Modified (0ms)


Started GET "/photos/" for 127.0.0.1 at 2012-06-21 15:04:05 -0400
Processing by PhotosController#index as HTML
  [1m[35mSQL (2.9ms)[0m  DELETE FROM "photos"
  [1m[36mPhoto Load (0.2ms)[0m  [1mSELECT "photos".* FROM "photos" [0m
  Rendered photos/index.html.erb within layouts/application (0.3ms)
Completed 200 OK in 28535ms (Views: 4.4ms | ActiveRecord: 3.2ms)


Started GET "/photos/" for 127.0.0.1 at 2012-06-21 15:04:34 -0400
Processing by PhotosController#index as HTML
  Rendered photos/index.html.erb within layouts/application (0.5ms)
Completed 200 OK in 1246ms (Views: 6.7ms | ActiveRecord: 0.0ms)


Started GET "/assets/application.css?body=1" for 127.0.0.1 at 2012-06-21 15:04:35 -0400
Served asset /application.css - 304 Not Modified (0ms)


Started GET "/assets/jquery.js?body=1" for 127.0.0.1 at 2012-06-21 15:04:35 -0400
Served asset /jquery.js - 304 Not Modified (0ms)


Started GET "/assets/jquery_ujs.js?body=1" for 127.0.0.1 at 2012-06-21 15:04:35 -0400
Served asset /jquery_ujs.js - 304 Not Modified (0ms)


Started GET "/assets/webcam.js?body=1" for 127.0.0.1 at 2012-06-21 15:04:35 -0400
Served asset /webcam.js - 304 Not Modified (0ms)


Started GET "/assets/application.js?body=1" for 127.0.0.1 at 2012-06-21 15:04:35 -0400
Served asset /application.js - 304 Not Modified (0ms)


Started GET "/photos/" for 127.0.0.1 at 2012-06-21 15:21:42 -0400
Processing by PhotosController#index as HTML
  [1m[35mPhoto Load (0.2ms)[0m  SELECT "photos".* FROM "photos" 
  Rendered photos/index.html.erb within layouts/application (1.6ms)
Completed 500 Internal Server Error in 9913ms

ActionView::Template::Error (no such file to load -- sass
  (in /Users/agoldstein/Workspace/personal/webcam_app/app/assets/stylesheets/experiment-america.css.scss)):
    2: <html>
    3: <head>
    4:   <title>WebcamApp</title>
    5:   <%= stylesheet_link_tag :application %>
    6:   <%= javascript_include_tag :application %>
    7:   <%= csrf_meta_tag %>
    8: </head>
  app/views/layouts/application.html.erb:5:in `_app_views_layouts_application_html_erb___3006754443382839310_2153882760'


  Rendered /Users/agoldstein/.rvm/gems/ruby-1.9.2-p180/gems/actionpack-3.2.4/lib/action_dispatch/middleware/templates/rescues/_trace.erb (5.0ms)
  Rendered /Users/agoldstein/.rvm/gems/ruby-1.9.2-p180/gems/actionpack-3.2.4/lib/action_dispatch/middleware/templates/rescues/_request_and_response.erb (1.2ms)
  Rendered /Users/agoldstein/.rvm/gems/ruby-1.9.2-p180/gems/actionpack-3.2.4/lib/action_dispatch/middleware/templates/rescues/template_error.erb within rescues/layout (14.6ms)


Started GET "/photos/" for 127.0.0.1 at 2012-06-21 15:22:26 -0400
Processing by PhotosController#index as HTML
  Rendered photos/index.html.erb within layouts/application (0.4ms)
Compiled experiment-america.css  (0ms)  (pid 38465)
Compiled application.css  (8ms)  (pid 38465)
Completed 200 OK in 3817ms (Views: 24.6ms | ActiveRecord: 0.0ms)


Started GET "/assets/experiment-america.css?body=1" for 127.0.0.1 at 2012-06-21 15:22:30 -0400
Served asset /experiment-america.css - 200 OK (2ms)


Started GET "/assets/application.css?body=1" for 127.0.0.1 at 2012-06-21 15:22:30 -0400
Served asset /application.css - 304 Not Modified (4ms)


Started GET "/assets/jquery.js?body=1" for 127.0.0.1 at 2012-06-21 15:22:30 -0400
Served asset /jquery.js - 304 Not Modified (0ms)


Started GET "/assets/jquery_ujs.js?body=1" for 127.0.0.1 at 2012-06-21 15:22:30 -0400
Served asset /jquery_ujs.js - 304 Not Modified (0ms)


Started GET "/assets/webcam.js?body=1" for 127.0.0.1 at 2012-06-21 15:22:30 -0400
Served asset /webcam.js - 304 Not Modified (0ms)


Started GET "/assets/application.js?body=1" for 127.0.0.1 at 2012-06-21 15:22:30 -0400
Served asset /application.js - 304 Not Modified (0ms)


Started GET "/photos/" for 127.0.0.1 at 2012-06-21 15:23:01 -0400
Processing by PhotosController#index as HTML
  [1m[36mPhoto Load (0.2ms)[0m  [1mSELECT "photos".* FROM "photos" [0m
  Rendered photos/index.html.erb within layouts/application (0.5ms)
Compiled experiment-america.css  (0ms)  (pid 38465)
Compiled application.css  (0ms)  (pid 38465)
Completed 200 OK in 19ms (Views: 17.4ms | ActiveRecord: 0.2ms)


Started GET "/assets/experiment-america.css?body=1" for 127.0.0.1 at 2012-06-21 15:23:01 -0400
Served asset /experiment-america.css - 200 OK (20ms)


Started GET "/assets/application.css?body=1" for 127.0.0.1 at 2012-06-21 15:23:01 -0400
Served asset /application.css - 304 Not Modified (9ms)


Started GET "/assets/jquery_ujs.js?body=1" for 127.0.0.1 at 2012-06-21 15:23:01 -0400
Served asset /jquery_ujs.js - 304 Not Modified (0ms)


Started GET "/assets/webcam.js?body=1" for 127.0.0.1 at 2012-06-21 15:23:01 -0400
Served asset /webcam.js - 304 Not Modified (0ms)


Started GET "/assets/application.js?body=1" for 127.0.0.1 at 2012-06-21 15:23:01 -0400
Served asset /application.js - 304 Not Modified (0ms)


Started GET "/assets/jquery.js?body=1" for 127.0.0.1 at 2012-06-21 15:23:01 -0400
Served asset /jquery.js - 304 Not Modified (0ms)


Started GET "/photos/new" for 127.0.0.1 at 2012-06-21 15:23:53 -0400
Processing by PhotosController#new as HTML
  Rendered photos/new.html.erb within layouts/application (19.1ms)
Completed 200 OK in 32ms (Views: 31.0ms | ActiveRecord: 0.0ms)


Started GET "/assets/application.css?body=1" for 127.0.0.1 at 2012-06-21 15:23:53 -0400
Served asset /application.css - 304 Not Modified (0ms)


Started GET "/assets/jquery_ujs.js?body=1" for 127.0.0.1 at 2012-06-21 15:23:53 -0400
Served asset /jquery_ujs.js - 304 Not Modified (0ms)


Started GET "/assets/jquery.js?body=1" for 127.0.0.1 at 2012-06-21 15:23:53 -0400
Served asset /jquery.js - 304 Not Modified (0ms)


Started GET "/assets/webcam.js?body=1" for 127.0.0.1 at 2012-06-21 15:23:53 -0400
Served asset /webcam.js - 304 Not Modified (0ms)


Started GET "/assets/experiment-america.css?body=1" for 127.0.0.1 at 2012-06-21 15:23:54 -0400
Served asset /experiment-america.css - 304 Not Modified (0ms)


Started GET "/assets/application.js?body=1" for 127.0.0.1 at 2012-06-21 15:23:54 -0400
Served asset /application.js - 304 Not Modified (0ms)
